08/22/2003 10:25:25 AMLog file opened
D:\Stripped\Jaysharp\index.html Success
D:\Stripped\Jaysharp\pics\JSharp_Logo.gif Success
D:\Stripped\Jaysharp\photo.html Success
D:\Stripped\Jaysharp\pics\jms1.jpg Success
D:\Stripped\Jaysharp\pics\jms2.jpg Success
D:\Stripped\Jaysharp\pics\jms5.jpg Success
D:\Stripped\Jaysharp\pics\jms9.jpg Success
D:\Stripped\Jaysharp\pics\jms4.jpg Success
D:\Stripped\Jaysharp\pics\jms3.jpg Success
D:\Stripped\Jaysharp\pics\jms6.jpg Success
D:\Stripped\Jaysharp\pics\jms7.jpg Success
D:\Stripped\Jaysharp\pics\jms8.jpg Success
D:\Stripped\Jaysharp\map.html Success
D:\Stripped\Jaysharp\pics\mapMA.gif Success
D:\Stripped\Jaysharp\Personals\pers1.html Success
D:\Stripped\Jaysharp\ILove\index.htm Success
D:\Stripped\Jaysharp\David\PureLogic.htm Success
D:\Stripped\Jaysharp\Personals\bkgrnd2.jpg Success
D:\Stripped\Jaysharp\Personals\bckgrnd.jpg Success
D:\Stripped\Jaysharp\Personals\pers2.html Success
D:\Stripped\Jaysharp\Personals\index.html Success
D:\Stripped\Jaysharp\Utility\JMS_WebPhotoPage.css Success
D:\Stripped\Jaysharp\pics\Buttons\HomeButtonDown.gif Success
D:\Stripped\Jaysharp\pics\Buttons\HomeButtonUp.png Success
D:\Stripped\Jaysharp\pics\JMS\pages\733_jpg.htm Success
D:\Stripped\Jaysharp\pics\JMS\thumbnails\733_jpg.jpg Success
D:\Stripped\Jaysharp\pics\JMS\pages\DCP00064_JPG.htm Success
D:\Stripped\Jaysharp\pics\JMS\thumbnails\DCP00064_JPG.jpg Success
D:\Stripped\Jaysharp\pics\JMS\pages\DCP00082_JPG.htm Success
D:\Stripped\Jaysharp\pics\JMS\thumbnails\DCP00082_JPG.jpg Success
D:\Stripped\Jaysharp\pics\JMS\pages\DCP00120_JPG.htm Success
D:\Stripped\Jaysharp\pics\JMS\thumbnails\DCP00120_JPG.jpg Success
D:\Stripped\Jaysharp\pics\JMS\pages\DCP00124_JPG.htm Success
D:\Stripped\Jaysharp\pics\JMS\thumbnails\DCP00124_JPG.jpg Success
D:\Stripped\Jaysharp\pics\JMS\pages\house_jpg.htm Success
D:\Stripped\Jaysharp\pics\JMS\thumbnails\house_jpg.jpg Success
D:\Stripped\Jaysharp\pics\JMS\pages\jay_ben_abi_jpg.htm Success
D:\Stripped\Jaysharp\pics\JMS\thumbnails\jay_ben_abi_jpg.jpg Success
D:\Stripped\Jaysharp\pics\JMS\pages\jay_in_garden_sm_jpg.htm Success
D:\Stripped\Jaysharp\pics\JMS\thumbnails\jay_in_garden_sm_jpg.jpg Success
D:\Stripped\Jaysharp\pics\JMS\pages\jms_blinds_jpg.htm Success
D:\Stripped\Jaysharp\pics\JMS\thumbnails\jms_blinds_jpg.jpg Success
D:\Stripped\Jaysharp\pics\JMS\pages\jms_bw_pair_jpg.htm Success
D:\Stripped\Jaysharp\pics\JMS\thumbnails\jms_bw_pair_jpg.jpg Success
D:\Stripped\Jaysharp\pics\JMS\pages\jms_couch_jpg.htm Success
D:\Stripped\Jaysharp\pics\JMS\thumbnails\jms_couch_jpg.jpg Success
D:\Stripped\Jaysharp\pics\JMS\pages\jms_face_jpg.htm Success
D:\Stripped\Jaysharp\pics\JMS\thumbnails\jms_face_jpg.jpg Success
D:\Stripped\Jaysharp\pics\JMS\pages\jms_greyshirt_jpg.htm Success
D:\Stripped\Jaysharp\pics\JMS\thumbnails\jms_greyshirt_jpg.jpg Success
D:\Stripped\Jaysharp\pics\JMS\pages\jms_hood_jpg.htm Success
D:\Stripped\Jaysharp\pics\JMS\thumbnails\jms_hood_jpg.jpg Success
D:\Stripped\Jaysharp\pics\JMS\pages\jms_lean_brick3_jpg.htm Success
D:\Stripped\Jaysharp\pics\JMS\thumbnails\jms_lean_brick3_jpg.jpg Success
D:\Stripped\Jaysharp\pics\JMS\pages\jms_smile_brick_jpg.htm Success
D:\Stripped\Jaysharp\pics\JMS\thumbnails\jms_smile_brick_jpg.jpg Success
D:\Stripped\Jaysharp\pics\JMS\pages\jms_sweden_water_jpg.htm Success
D:\Stripped\Jaysharp\pics\JMS\thumbnails\jms_sweden_water_jpg.jpg Success
D:\Stripped\Jaysharp\pics\JMS\pages\j_pic_sweden_jpg.htm Success
D:\Stripped\Jaysharp\pics\JMS\thumbnails\j_pic_sweden_jpg.jpg Success
D:\Stripped\Jaysharp\pics\Berks\berks.htm Success
D:\Stripped\Jaysharp\pics\ADam\index.htm Success
D:\Stripped\Jaysharp\pics\Badlands\index.htm Success
D:\Stripped\Jaysharp\pics\JeremyWedding\index.htm Success
D:\Stripped\Jaysharp\pics\Asia\index.htm Success
D:\Stripped\Jaysharp\pics\Australia\index.htm Success
D:\Stripped\Jaysharp\pics\PTown\index.htm Success
D:\Stripped\Jaysharp\pics\LaborDay2002\index.htm Success
D:\Stripped\Jaysharp\pics\PickingApples\index.htm Success
D:\Stripped\Jaysharp\pics\HarborIslands\index.htm Success
D:\Stripped\Jaysharp\pics\ChanukahDinner\index.htm Success
D:\Stripped\Jaysharp\pics\NYC\index.htm Success
D:\Stripped\Jaysharp\pics\Pride2003\index.htm Success
D:\Stripped\Jaysharp\pics\Buttons\HomeButton.gif Success
D:\Stripped\Jaysharp\David\DavidSky.jpg Success
D:\Stripped\Jaysharp\David\DavidEarth.jpg Success
D:\Stripped\Jaysharp\David\index.html Success
D:\Stripped\Jaysharp\ILove\ILoveHeart_Lg.jpg Success
D:\Stripped\Jaysharp\ILove\ILove_GB.htm Success
D:\Stripped\Jaysharp\ILove\ILove_PG.htm Success
D:\Stripped\Jaysharp\ILove\ILove_JM.htm Success
D:\Stripped\Jaysharp\ILove\ILove_JS.htm Success
D:\Stripped\Jaysharp\ILove\ILove_JMoeh.htm Success
D:\Stripped\Jaysharp\ILove\ILove_LK.htm Success
D:\Stripped\Jaysharp\ILove\ILove_KW.htm Success
D:\Stripped\Jaysharp\ILove\ILove_PK.htm Success
D:\Stripped\Jaysharp\ILove\ILove_SS.htm Success
D:\Stripped\Jaysharp\ILove\ILove_VS.htm Success
D:\Stripped\Jaysharp\ILove\ILove_JJ.htm Success
D:\Stripped\Jaysharp\ILove\ILove_SK.htm Success
D:\Stripped\Jaysharp\ILove\ILove_JMay.htm Success
D:\Stripped\Jaysharp\ILove\ILove_NS.htm Success
D:\Stripped\Jaysharp\ILove\ILove_EC.htm Success
D:\Stripped\Jaysharp\ILove\ILove_EP.htm Success
D:\Stripped\Jaysharp\ILove\ILove_CS.htm Success
D:\Stripped\Jaysharp\ILove\ILove_GW.htm Success
D:\Stripped\Jaysharp\ILove\ILove_JRML.htm Success
D:\Stripped\Jaysharp\ILove\ILove_JH.htm Success
D:\Stripped\Jaysharp\ILove\ILove_DB.htm Success
D:\Stripped\Jaysharp\ILove\ILove_SM.htm Success
D:\Stripped\Jaysharp\ILove\ILove_MA.htm Success
Not Success: http://www.jaysharp.com/ILove/ILove_LS.htm
D:\Stripped\Jaysharp\ILove\ILove_DH.htm Success
D:\Stripped\Jaysharp\ILove\ILove_MS.htm Success
D:\Stripped\Jaysharp\ILove\ILove_CJ.htm Success
D:\Stripped\Jaysharp\ILove\ILove_JF.htm Success
D:\Stripped\Jaysharp\ILove\ILove_SB.htm Success
D:\Stripped\Jaysharp\ILove\ILove_TA.htm Success
D:\Stripped\Jaysharp\ILove\ILove_MM.htm Success
D:\Stripped\Jaysharp\ILove\ILove_MStevens.htm Success
D:\Stripped\Jaysharp\ILove\ILove_EJ.htm Success
D:\Stripped\Jaysharp\ILove\index.html Success
D:\Stripped\Jaysharp\pics\mapSD_SC.gif Success
D:\Stripped\Jaysharp\pics\mapSD_RC.gif Success
D:\Stripped\Jaysharp\pics\mapSD_VR.gif Success
D:\Stripped\Jaysharp\pics\mapMI.gif Success
D:\Stripped\Jaysharp\Personals\.116.html Success
D:\Stripped\Jaysharp\Personals\.117.html Success
D:\Stripped\Jaysharp\Personals\.118.html Success
D:\Stripped\Jaysharp\Personals\.119.html Success
D:\Stripped\Jaysharp\Personals\pers3.html Success
D:\Stripped\Jaysharp\pics\JMS\images\DCP00064_JPG.jpg Success
D:\Stripped\Jaysharp\pics\JMS\pages\index.html Success
D:\Stripped\Jaysharp\pics\JMS\images\DCP00082_JPG.jpg Success
D:\Stripped\Jaysharp\pics\JMS\images\DCP00120_JPG.jpg Success
D:\Stripped\Jaysharp\pics\JMS\images\DCP00124_JPG.jpg Success
D:\Stripped\Jaysharp\pics\JMS\images\house_jpg.jpg Success
D:\Stripped\Jaysharp\pics\JMS\images\733_jpg.jpg Success
D:\Stripped\Jaysharp\pics\JMS\images\jms_couch_jpg.jpg Success
D:\Stripped\Jaysharp\pics\JMS\images\jay_ben_abi_jpg.jpg Success
D:\Stripped\Jaysharp\pics\JMS\images\jms_bw_pair_jpg.jpg Success
D:\Stripped\Jaysharp\pics\JMS\images\jms_greyshirt_jpg.jpg Success
D:\Stripped\Jaysharp\pics\JMS\images\jay_in_garden_sm_jpg.jpg Success
D:\Stripped\Jaysharp\pics\JMS\images\jms_face_jpg.jpg Success
D:\Stripped\Jaysharp\pics\JMS\images\jms_blinds_jpg.jpg Success
D:\Stripped\Jaysharp\pics\JMS\images\jms_hood_jpg.jpg Success
D:\Stripped\Jaysharp\pics\JMS\images\jms_lean_brick3_jpg.jpg Success
D:\Stripped\Jaysharp\pics\JMS\images\jms_smile_brick_jpg.jpg Success
D:\Stripped\Jaysharp\pics\JMS\images\jms_sweden_water_jpg.jpg Success
D:\Stripped\Jaysharp\pics\JMS\images\j_pic_sweden_jpg.jpg Success
D:\Stripped\Jaysharp\pics\JeremyWedding\pages\abby_grandma_hodges_JPG.htm Success
D:\Stripped\Jaysharp\pics\JeremyWedding\thumbnails\abby_grandma_hodges_JPG.jpg Success
D:\Stripped\Jaysharp\pics\JeremyWedding\pages\abby_uncle_jay_JPG.htm Success
D:\Stripped\Jaysharp\pics\JeremyWedding\thumbnails\abby_uncle_jay_JPG.jpg Success
D:\Stripped\Jaysharp\pics\JeremyWedding\pages\ben_abby_JPG.htm Success
D:\Stripped\Jaysharp\pics\JeremyWedding\thumbnails\ben_abby_JPG.jpg Success
D:\Stripped\Jaysharp\pics\JeremyWedding\pages\ben_grandpa_sharp_JPG.htm Success
D:\Stripped\Jaysharp\pics\JeremyWedding\thumbnails\ben_grandpa_sharp_JPG.jpg Success
D:\Stripped\Jaysharp\pics\JeremyWedding\pages\BrothersSharp_jpg.htm Success
D:\Stripped\Jaysharp\pics\JeremyWedding\thumbnails\BrothersSharp_jpg.jpg Success
D:\Stripped\Jaysharp\pics\JeremyWedding\pages\Edward_Looking_Too_Cool_jpg.htm Success
D:\Stripped\Jaysharp\pics\JeremyWedding\thumbnails\Edward_Looking_Too_Cool_jpg.jpg Success
D:\Stripped\Jaysharp\pics\JeremyWedding\pages\HeyMomLeaveThemBirdsAlone_jpg.htm Success
D:\Stripped\Jaysharp\pics\JeremyWedding\thumbnails\HeyMomLeaveThemBirdsAlone_jpg.jpg Success
D:\Stripped\Jaysharp\pics\JeremyWedding\pages\MustStayAwakeToday_jpg.htm Success
D:\Stripped\Jaysharp\pics\JeremyWedding\thumbnails\MustStayAwakeToday_jpg.jpg Success
D:\Stripped\Jaysharp\pics\JeremyWedding\pages\OpenYourEyesForTheCamera_jpg.htm Success
D:\Stripped\Jaysharp\pics\JeremyWedding\thumbnails\OpenYourEyesForTheCamera_jpg.jpg Success
D:\Stripped\Jaysharp\pics\JeremyWedding\pages\ReallyTryingToStayAwake_jpg.htm Success
D:\Stripped\Jaysharp\pics\JeremyWedding\thumbnails\ReallyTryingToStayAwake_jpg.jpg Success
D:\Stripped\Jaysharp\pics\JeremyWedding\pages\sharp_family_JPG.htm Success
D:\Stripped\Jaysharp\pics\JeremyWedding\thumbnails\sharp_family_JPG.jpg Success
D:\Stripped\Jaysharp\pics\JeremyWedding\pages\P5310015.htm Success
D:\Stripped\Jaysharp\pics\JeremyWedding\thumbnails\P5310015.jpg Success
D:\Stripped\Jaysharp\pics\JeremyWedding\pages\P5310045.htm Success
D:\Stripped\Jaysharp\pics\JeremyWedding\thumbnails\P5310045.jpg Success
D:\Stripped\Jaysharp\pics\JeremyWedding\pages\publicity_pic.htm Success
D:\Stripped\Jaysharp\pics\JeremyWedding\thumbnails\publicity_pic.jpg Success
D:\Stripped\Jaysharp\pics\JeremyWedding\pages\P6010096.htm Success
D:\Stripped\Jaysharp\pics\JeremyWedding\thumbnails\P6010096.jpg Success
D:\Stripped\Jaysharp\pics\JeremyWedding\pages\sugar.htm Success
D:\Stripped\Jaysharp\pics\JeremyWedding\thumbnails\sugar.jpg Success
D:\Stripped\Jaysharp\pics\JeremyWedding\index.html Success
D:\Stripped\Jaysharp\pics\Badlands\pages\Badlands0575_img_jpg.htm Success
D:\Stripped\Jaysharp\pics\Badlands\thumbnails\Badlands0575_img_jpg.jpg Success
D:\Stripped\Jaysharp\pics\Badlands\pages\Badlands0576_img_jpg.htm Success
D:\Stripped\Jaysharp\pics\Badlands\thumbnails\Badlands0576_img_jpg.jpg Success
D:\Stripped\Jaysharp\pics\Badlands\pages\Badlands0580_img_jpg.htm Success
D:\Stripped\Jaysharp\pics\Badlands\thumbnails\Badlands0580_img_jpg.jpg Success
D:\Stripped\Jaysharp\pics\Badlands\pages\Badlands0583_img_jpg.htm Success
D:\Stripped\Jaysharp\pics\Badlands\thumbnails\Badlands0583_img_jpg.jpg Success
D:\Stripped\Jaysharp\pics\Badlands\pages\SharpsCorner0568_img_jpg.htm Success
D:\Stripped\Jaysharp\pics\Badlands\thumbnails\SharpsCorner0568_img_jpg.jpg Success
D:\Stripped\Jaysharp\pics\Badlands\index.html Success
D:\Stripped\Jaysharp\pics\Asia\pages\GreatWallView_0734_JPG.htm Success
D:\Stripped\Jaysharp\pics\Asia\thumbnails\GreatWallView_0734_JPG.jpg Success
D:\Stripped\Jaysharp\pics\Asia\pages\JMS_ForbiddenCity_0729_JPG.htm Success
D:\Stripped\Jaysharp\pics\Asia\thumbnails\JMS_ForbiddenCity_0729_JPG.jpg Success
D:\Stripped\Jaysharp\pics\Asia\pages\JMS_GreatWall2_0737_JPG.htm Success
D:\Stripped\Jaysharp\pics\Asia\thumbnails\JMS_GreatWall2_0737_JPG.jpg Success
D:\Stripped\Jaysharp\pics\Asia\pages\JMS_GreatWall_0737_jpg.htm Success
D:\Stripped\Jaysharp\pics\Asia\thumbnails\JMS_GreatWall_0737_jpg.jpg Success
D:\Stripped\Jaysharp\pics\Asia\pages\JMS_HongKongAirPort_0727_jpg.htm Success
D:\Stripped\Jaysharp\pics\Asia\thumbnails\JMS_HongKongAirPort_0727_jpg.jpg Success
D:\Stripped\Jaysharp\pics\Asia\pages\JMS_Temple1_0743_JPG.htm Success
D:\Stripped\Jaysharp\pics\Asia\thumbnails\JMS_Temple1_0743_JPG.jpg Success
D:\Stripped\Jaysharp\pics\Asia\pages\JMS_Temple_0742_jpg.htm Success
D:\Stripped\Jaysharp\pics\Asia\thumbnails\JMS_Temple_0742_jpg.jpg Success
D:\Stripped\Jaysharp\pics\Asia\pages\Temple_0741_JPG.htm Success
D:\Stripped\Jaysharp\pics\Asia\thumbnails\Temple_0741_JPG.jpg Success
D:\Stripped\Jaysharp\pics\Asia\index.html Success
D:\Stripped\Jaysharp\pics\Australia\pages\Angels_jpg.htm Success
D:\Stripped\Jaysharp\pics\Australia\thumbnails\Angels_jpg.jpg Success
D:\Stripped\Jaysharp\pics\Australia\pages\GB_Boat_0840_jpg.htm Success
D:\Stripped\Jaysharp\pics\Australia\thumbnails\GB_Boat_0840_jpg.jpg Success
D:\Stripped\Jaysharp\pics\Australia\pages\GB_Hotel_Sepia2_0804_jpg.htm Success
D:\Stripped\Jaysharp\pics\Australia\thumbnails\GB_Hotel_Sepia2_0804_jpg.jpg Success
D:\Stripped\Jaysharp\pics\Australia\pages\GB_Hotel_Sepia_0804_jpg.htm Success
D:\Stripped\Jaysharp\pics\Australia\thumbnails\GB_Hotel_Sepia_0804_jpg.jpg Success
D:\Stripped\Jaysharp\pics\Australia\pages\GB_ManlySepia_0819_jpg.htm Success
D:\Stripped\Jaysharp\pics\Australia\thumbnails\GB_ManlySepia_0819_jpg.jpg Success
D:\Stripped\Jaysharp\pics\Australia\pages\GB_Manly_Cliff_0816_jpg.htm Success
D:\Stripped\Jaysharp\pics\Australia\thumbnails\GB_Manly_Cliff_0816_jpg.jpg Success
D:\Stripped\Jaysharp\pics\Australia\pages\GB_Patio_TimeOut_0803_jpg.htm Success
D:\Stripped\Jaysharp\pics\Australia\thumbnails\GB_Patio_TimeOut_0803_jpg.jpg Success
D:\Stripped\Jaysharp\pics\Australia\pages\JMS_Bed_jpg.htm Success
D:\Stripped\Jaysharp\pics\Australia\thumbnails\JMS_Bed_jpg.jpg Success
D:\Stripped\Jaysharp\pics\Australia\pages\JMS_SydneyHydePark_jpg.htm Success
D:\Stripped\Jaysharp\pics\Australia\thumbnails\JMS_SydneyHydePark_jpg.jpg Success
D:\Stripped\Jaysharp\pics\Australia\pages\JMS_WC_jpg.htm Success
D:\Stripped\Jaysharp\pics\Australia\thumbnails\JMS_WC_jpg.jpg Success
D:\Stripped\Jaysharp\pics\Australia\pages\MidnightShift_jpg.htm Success
D:\Stripped\Jaysharp\pics\Australia\thumbnails\MidnightShift_jpg.jpg Success
D:\Stripped\Jaysharp\pics\Australia\pages\OperaHouse_jpg.htm Success
D:\Stripped\Jaysharp\pics\Australia\thumbnails\OperaHouse_jpg.jpg Success
D:\Stripped\Jaysharp\pics\Australia\index.html Success
D:\Stripped\Jaysharp\pics\PTown\pages\IMG_0841_JPG.htm Success
D:\Stripped\Jaysharp\pics\PTown\thumbnails\IMG_0841_JPG.jpg Success
D:\Stripped\Jaysharp\pics\PTown\pages\IMG_0842_JPG.htm Success
D:\Stripped\Jaysharp\pics\PTown\thumbnails\IMG_0842_JPG.jpg Success
D:\Stripped\Jaysharp\pics\PTown\pages\IMG_0844_JPG.htm Success
D:\Stripped\Jaysharp\pics\PTown\thumbnails\IMG_0844_JPG.jpg Success
D:\Stripped\Jaysharp\pics\PTown\pages\IMG_0845_JPG.htm Success
D:\Stripped\Jaysharp\pics\PTown\thumbnails\IMG_0845_JPG.jpg Success
D:\Stripped\Jaysharp\pics\PTown\pages\IMG_0848_JPG.htm Success
D:\Stripped\Jaysharp\pics\PTown\thumbnails\IMG_0848_JPG.jpg Success
D:\Stripped\Jaysharp\pics\PTown\pages\IMG_0849_JPG.htm Success
D:\Stripped\Jaysharp\pics\PTown\thumbnails\IMG_0849_JPG.jpg Success
D:\Stripped\Jaysharp\pics\PTown\pages\IMG_0850_JPG.htm Success
D:\Stripped\Jaysharp\pics\PTown\thumbnails\IMG_0850_JPG.jpg Success
D:\Stripped\Jaysharp\pics\PTown\pages\IMG_0851_JPG.htm Success
D:\Stripped\Jaysharp\pics\PTown\thumbnails\IMG_0851_JPG.jpg Success
D:\Stripped\Jaysharp\pics\PTown\pages\IMG_0855_JPG.htm Success
D:\Stripped\Jaysharp\pics\PTown\thumbnails\IMG_0855_JPG.jpg Success
D:\Stripped\Jaysharp\pics\PTown\pages\IMG_0857_JPG.htm Success
D:\Stripped\Jaysharp\pics\PTown\thumbnails\IMG_0857_JPG.jpg Success
D:\Stripped\Jaysharp\pics\PTown\index.html Success
D:\Stripped\Jaysharp\pics\ADam\pages\Mike_0463_jpg.htm Success
D:\Stripped\Jaysharp\pics\ADam\thumbnails\Mike_0463_jpg.jpg Success
D:\Stripped\Jaysharp\pics\ADam\pages\Greg_0464_jpg.htm Success
D:\Stripped\Jaysharp\pics\ADam\thumbnails\Greg_0464_jpg.jpg Success
D:\Stripped\Jaysharp\pics\ADam\pages\Mike_0459_jpg.htm Success
D:\Stripped\Jaysharp\pics\ADam\thumbnails\Mike_0459_jpg.jpg Success
D:\Stripped\Jaysharp\pics\ADam\pages\GregNMike_0462_jpg.htm Success
D:\Stripped\Jaysharp\pics\ADam\thumbnails\GregNMike_0462_jpg.jpg Success
D:\Stripped\Jaysharp\pics\ADam\pages\GregMike_0461_jpg.htm Success
D:\Stripped\Jaysharp\pics\ADam\thumbnails\GregMike_0461_jpg.jpg Success
D:\Stripped\Jaysharp\pics\ADam\pages\Greg_0460_jpg.htm Success
D:\Stripped\Jaysharp\pics\ADam\thumbnails\Greg_0460_jpg.jpg Success
D:\Stripped\Jaysharp\pics\ADam\pages\GregMattMike_0526_jpg.htm Success
D:\Stripped\Jaysharp\pics\ADam\thumbnails\GregMattMike_0526_jpg.jpg Success
D:\Stripped\Jaysharp\pics\ADam\pages\GregMattMike_0528_jpg.htm Success
D:\Stripped\Jaysharp\pics\ADam\thumbnails\GregMattMike_0528_jpg.jpg Success
D:\Stripped\Jaysharp\pics\ADam\pages\JayGregMike_0529_jpg.htm Success
D:\Stripped\Jaysharp\pics\ADam\thumbnails\JayGregMike_0529_jpg.jpg Success
D:\Stripped\Jaysharp\pics\ADam\pages\JayGregMike2_0529_jpg.htm Success
D:\Stripped\Jaysharp\pics\ADam\thumbnails\JayGregMike2_0529_jpg.jpg Success
D:\Stripped\Jaysharp\pics\ADam\pages\JayGregMike_0530_jpg.htm Success
D:\Stripped\Jaysharp\pics\ADam\thumbnails\JayGregMike_0530_jpg.jpg Success
D:\Stripped\Jaysharp\pics\ADam\pages\JayGregMike2_0530_jpg.htm Success
D:\Stripped\Jaysharp\pics\ADam\thumbnails\JayGregMike2_0530_jpg.jpg Success
D:\Stripped\Jaysharp\pics\ADam\pages\GregMikeMatt_0534_jpg.htm Success
D:\Stripped\Jaysharp\pics\ADam\thumbnails\GregMikeMatt_0534_jpg.jpg Success
D:\Stripped\Jaysharp\pics\ADam\pages\Matt_0535_jpg.htm Success
D:\Stripped\Jaysharp\pics\ADam\thumbnails\Matt_0535_jpg.jpg Success
D:\Stripped\Jaysharp\pics\ADam\pages\Greg_0537_jpg.htm Success
D:\Stripped\Jaysharp\pics\ADam\thumbnails\Greg_0537_jpg.jpg Success
D:\Stripped\Jaysharp\pics\ADam\pages\MattTim_0544_jpg.htm Success
D:\Stripped\Jaysharp\pics\ADam\thumbnails\MattTim_0544_jpg.jpg Success
D:\Stripped\Jaysharp\pics\ADam\pages\GregMike_0545_jpg.htm Success
D:\Stripped\Jaysharp\pics\ADam\thumbnails\GregMike_0545_jpg.jpg Success
D:\Stripped\Jaysharp\pics\ADam\pages\GregMikeJay_0546_jpg.htm Success
D:\Stripped\Jaysharp\pics\ADam\thumbnails\GregMikeJay_0546_jpg.jpg Success
D:\Stripped\Jaysharp\pics\ADam\pages\GregMikeJay_0548_jpg.htm Success
D:\Stripped\Jaysharp\pics\ADam\thumbnails\GregMikeJay_0548_jpg.jpg Success
D:\Stripped\Jaysharp\pics\ADam\pages\GregMike_0466_jpg.htm Success
Not Success: http://www.jaysharp.com/pics/ADam/thumbnails/GregMike_0466_jpg.jpg
D:\Stripped\Jaysharp\pics\ADam\pages\Greg_0467_jpg.htm Success
D:\Stripped\Jaysharp\pics\ADam\thumbnails\Greg_0467_jpg.jpg Success
D:\Stripped\Jaysharp\pics\ADam\pages\Mike_0468_jpg.htm Success
D:\Stripped\Jaysharp\pics\ADam\thumbnails\Mike_0468_jpg.jpg Success
D:\Stripped\Jaysharp\pics\ADam\pages\Mike_0469_jpg.htm Success
D:\Stripped\Jaysharp\pics\ADam\thumbnails\Mike_0469_jpg.jpg Success
D:\Stripped\Jaysharp\pics\ADam\pages\Greg_0470_jpg.htm Success
D:\Stripped\Jaysharp\pics\ADam\thumbnails\Greg_0470_jpg.jpg Success
D:\Stripped\Jaysharp\pics\ADam\pages\Mike_0471_jpg.htm Success
D:\Stripped\Jaysharp\pics\ADam\thumbnails\Mike_0471_jpg.jpg Success
D:\Stripped\Jaysharp\pics\ADam\pages\Table_0480_jpg.htm Success
D:\Stripped\Jaysharp\pics\ADam\thumbnails\Table_0480_jpg.jpg Success
D:\Stripped\Jaysharp\pics\ADam\pages\Jay_0481_jpg.htm Success
D:\Stripped\Jaysharp\pics\ADam\thumbnails\Jay_0481_jpg.jpg Success
D:\Stripped\Jaysharp\pics\ADam\pages\Tim_0482_jpg.htm Success
D:\Stripped\Jaysharp\pics\ADam\thumbnails\Tim_0482_jpg.jpg Success
D:\Stripped\Jaysharp\pics\ADam\pages\Cat_0485_jpg.htm Success
D:\Stripped\Jaysharp\pics\ADam\thumbnails\Cat_0485_jpg.jpg Success
D:\Stripped\Jaysharp\pics\ADam\pages\Greg_0488_jpg.htm Success
D:\Stripped\Jaysharp\pics\ADam\thumbnails\Greg_0488_jpg.jpg Success
D:\Stripped\Jaysharp\pics\ADam\pages\Mike_0489_jpg.htm Success
D:\Stripped\Jaysharp\pics\ADam\thumbnails\Mike_0489_jpg.jpg Success
D:\Stripped\Jaysharp\pics\ADam\pages\Tim_0490_jpg.htm Success
D:\Stripped\Jaysharp\pics\ADam\thumbnails\Tim_0490_jpg.jpg Success
D:\Stripped\Jaysharp\pics\ADam\pages\Matt_0492_jpg.htm Success
D:\Stripped\Jaysharp\pics\ADam\thumbnails\Matt_0492_jpg.jpg Success
D:\Stripped\Jaysharp\pics\ADam\pages\Matt_0495_jpg.htm Success
D:\Stripped\Jaysharp\pics\ADam\thumbnails\Matt_0495_jpg.jpg Success
D:\Stripped\Jaysharp\pics\ADam\pages\Matt_0497_jpg.htm Success
D:\Stripped\Jaysharp\pics\ADam\thumbnails\Matt_0497_jpg.jpg Success
D:\Stripped\Jaysharp\pics\ADam\pages\ADam_0500_jpg.htm Success
D:\Stripped\Jaysharp\pics\ADam\thumbnails\ADam_0500_jpg.jpg Success
D:\Stripped\Jaysharp\pics\ADam\pages\GregMike_0501_jpg.htm Success
D:\Stripped\Jaysharp\pics\ADam\thumbnails\GregMike_0501_jpg.jpg Success
D:\Stripped\Jaysharp\pics\ADam\pages\Mike_0503_jpg.htm Success
D:\Stripped\Jaysharp\pics\ADam\thumbnails\Mike_0503_jpg.jpg Success
D:\Stripped\Jaysharp\pics\ADam\pages\Mike_0504_jpg.htm Success
D:\Stripped\Jaysharp\pics\ADam\thumbnails\Mike_0504_jpg.jpg Success
D:\Stripped\Jaysharp\pics\ADam\pages\Matt_0507_jpg.htm Success
D:\Stripped\Jaysharp\pics\ADam\thumbnails\Matt_0507_jpg.jpg Success
D:\Stripped\Jaysharp\pics\ADam\pages\Greg_0511_jpg.htm Success
D:\Stripped\Jaysharp\pics\ADam\thumbnails\Greg_0511_jpg.jpg Success
D:\Stripped\Jaysharp\pics\ADam\pages\Greg_0515_jpg.htm Success
D:\Stripped\Jaysharp\pics\ADam\thumbnails\Greg_0515_jpg.jpg Success
D:\Stripped\Jaysharp\pics\ADam\pages\Greg_0516_jpg.htm Success
D:\Stripped\Jaysharp\pics\ADam\thumbnails\Greg_0516_jpg.jpg Success
D:\Stripped\Jaysharp\pics\ADam\pages\Greg_0517_jpg.htm Success
D:\Stripped\Jaysharp\pics\ADam\thumbnails\Greg_0517_jpg.jpg Success
D:\Stripped\Jaysharp\pics\ADam\pages\GregTim_0518_jpg.htm Success
D:\Stripped\Jaysharp\pics\ADam\thumbnails\GregTim_0518_jpg.jpg Success
D:\Stripped\Jaysharp\pics\ADam\pages\Kid_0519_jpg.htm Success
D:\Stripped\Jaysharp\pics\ADam\thumbnails\Kid_0519_jpg.jpg Success
D:\Stripped\Jaysharp\pics\ADam\index.html Success
D:\Stripped\Jaysharp\pics\Berks\pages\gavi_0353_jpg.htm Success
D:\Stripped\Jaysharp\pics\Berks\thumbnails\gavi_0353_jpg.jpg Success
D:\Stripped\Jaysharp\pics\Berks\pages\gavi_0402_jpg.htm Success
D:\Stripped\Jaysharp\pics\Berks\thumbnails\gavi_0402_jpg.jpg Success
D:\Stripped\Jaysharp\pics\Berks\pages\mark_0352_jpg.htm Success
D:\Stripped\Jaysharp\pics\Berks\thumbnails\mark_0352_jpg.jpg Success
D:\Stripped\Jaysharp\pics\Berks\pages\Cow_0403_jpg.htm Success
D:\Stripped\Jaysharp\pics\Berks\thumbnails\Cow_0403_jpg.jpg Success
D:\Stripped\Jaysharp\pics\Berks\pages\Valley_0360_jpg.htm Success
D:\Stripped\Jaysharp\pics\Berks\thumbnails\Valley_0360_jpg.jpg Success
D:\Stripped\Jaysharp\pics\Berks\pages\Jason_0362_jpg.htm Success
D:\Stripped\Jaysharp\pics\Berks\thumbnails\Jason_0362_jpg.jpg Success
D:\Stripped\Jaysharp\pics\Berks\pages\Rock_0373_jpg.htm Success
D:\Stripped\Jaysharp\pics\Berks\thumbnails\Rock_0373_jpg.jpg Success
D:\Stripped\Jaysharp\pics\Berks\pages\Children_0363_jpg.htm Success
D:\Stripped\Jaysharp\pics\Berks\thumbnails\Children_0363_jpg.jpg Success
D:\Stripped\Jaysharp\pics\Berks\pages\Children1_0363_jpg.htm Success
D:\Stripped\Jaysharp\pics\Berks\thumbnails\Children1_0363_jpg.jpg Success
D:\Stripped\Jaysharp\pics\Berks\pages\Waiting_0366_jpg.htm Success
D:\Stripped\Jaysharp\pics\Berks\thumbnails\Waiting_0366_jpg.jpg Success
D:\Stripped\Jaysharp\pics\Berks\pages\Nancy_0367_jpg.htm Success
D:\Stripped\Jaysharp\pics\Berks\thumbnails\Nancy_0367_jpg.jpg Success
D:\Stripped\Jaysharp\pics\Berks\pages\Waiting_0368_jpg.htm Success
D:\Stripped\Jaysharp\pics\Berks\thumbnails\Waiting_0368_jpg.jpg Success
D:\Stripped\Jaysharp\pics\Berks\pages\TreePod_0369_jpg.htm Success
D:\Stripped\Jaysharp\pics\Berks\thumbnails\TreePod_0369_jpg.jpg Success
D:\Stripped\Jaysharp\pics\Berks\pages\LandScape_0370_jpg.htm Success
D:\Stripped\Jaysharp\pics\Berks\thumbnails\LandScape_0370_jpg.jpg Success
D:\Stripped\Jaysharp\pics\Berks\pages\Rock_0374_jpg.htm Success
D:\Stripped\Jaysharp\pics\Berks\thumbnails\Rock_0374_jpg.jpg Success
D:\Stripped\Jaysharp\pics\Berks\pages\Hiking_0375_jpg.htm Success
D:\Stripped\Jaysharp\pics\Berks\thumbnails\Hiking_0375_jpg.jpg Success
D:\Stripped\Jaysharp\pics\Berks\pages\Picnic_0376_jpg.htm Success
D:\Stripped\Jaysharp\pics\Berks\thumbnails\Picnic_0376_jpg.jpg Success
D:\Stripped\Jaysharp\pics\Berks\pages\Picnic_0377_jpg.htm Success
D:\Stripped\Jaysharp\pics\Berks\thumbnails\Picnic_0377_jpg.jpg Success
D:\Stripped\Jaysharp\pics\Berks\pages\MarkNaomi_0378_jpg.htm Success
D:\Stripped\Jaysharp\pics\Berks\thumbnails\MarkNaomi_0378_jpg.jpg Success
D:\Stripped\Jaysharp\pics\Berks\pages\Picnic_0379_jpg.htm Success
D:\Stripped\Jaysharp\pics\Berks\thumbnails\Picnic_0379_jpg.jpg Success
D:\Stripped\Jaysharp\pics\Berks\pages\Jason_0380_jpg.htm Success
D:\Stripped\Jaysharp\pics\Berks\thumbnails\Jason_0380_jpg.jpg Success
D:\Stripped\Jaysharp\pics\Berks\pages\Picnic_0383_jpg.htm Success
D:\Stripped\Jaysharp\pics\Berks\thumbnails\Picnic_0383_jpg.jpg Success
D:\Stripped\Jaysharp\pics\Berks\pages\Picnic_0384_jpg.htm Success
D:\Stripped\Jaysharp\pics\Berks\thumbnails\Picnic_0384_jpg.jpg Success
D:\Stripped\Jaysharp\pics\Berks\pages\PicnicBoy_0386_jpg.htm Success
D:\Stripped\Jaysharp\pics\Berks\thumbnails\PicnicBoy_0386_jpg.jpg Success
D:\Stripped\Jaysharp\pics\Berks\pages\PicnicBoy_0387_jpg.htm Success
D:\Stripped\Jaysharp\pics\Berks\thumbnails\PicnicBoy_0387_jpg.jpg Success
D:\Stripped\Jaysharp\pics\Berks\pages\PicnicBoy_0388_jpg.htm Success
D:\Stripped\Jaysharp\pics\Berks\thumbnails\PicnicBoy_0388_jpg.jpg Success
D:\Stripped\Jaysharp\pics\Berks\pages\Picnic_0395_jpg.htm Success
D:\Stripped\Jaysharp\pics\Berks\thumbnails\Picnic_0395_jpg.jpg Success
D:\Stripped\Jaysharp\pics\Berks\pages\Tumble_0396_jpg.htm Success
D:\Stripped\Jaysharp\pics\Berks\thumbnails\Tumble_0396_jpg.jpg Success
D:\Stripped\Jaysharp\pics\Berks\pages\Tumble_0397_jpg.htm Success
D:\Stripped\Jaysharp\pics\Berks\thumbnails\Tumble_0397_jpg.jpg Success
D:\Stripped\Jaysharp\pics\Berks\pages\Tumble_0398_jpg.htm Success
D:\Stripped\Jaysharp\pics\Berks\thumbnails\Tumble_0398_jpg.jpg Success
D:\Stripped\Jaysharp\pics\Berks\pages\Tumble_0399_jpg.htm Success
D:\Stripped\Jaysharp\pics\Berks\thumbnails\Tumble_0399_jpg.jpg Success
D:\Stripped\Jaysharp\pics\Berks\pages\Picnic_0400_jpg.htm Success
D:\Stripped\Jaysharp\pics\Berks\thumbnails\Picnic_0400_jpg.jpg Success
D:\Stripped\Jaysharp\pics\Berks\pages\Picnic_0401_jpg.htm Success
D:\Stripped\Jaysharp\pics\Berks\thumbnails\Picnic_0401_jpg.jpg Success
D:\Stripped\Jaysharp\pics\Berks\pages\Cow_0404_jpg.htm Success
D:\Stripped\Jaysharp\pics\Berks\thumbnails\Cow_0404_jpg.jpg Success
D:\Stripped\Jaysharp\pics\Berks\pages\Cow_0405_jpg.htm Success
D:\Stripped\Jaysharp\pics\Berks\thumbnails\Cow_0405_jpg.jpg Success
D:\Stripped\Jaysharp\pics\Berks\pages\Mark_0409_jpg.htm Success
D:\Stripped\Jaysharp\pics\Berks\thumbnails\Mark_0409_jpg.jpg Success
D:\Stripped\Jaysharp\pics\Berks\pages\PiggyBack_0406_jpg.htm Success
D:\Stripped\Jaysharp\pics\Berks\thumbnails\PiggyBack_0406_jpg.jpg Success
D:\Stripped\Jaysharp\pics\Berks\pages\Waiting_0408_jpg.htm Success
D:\Stripped\Jaysharp\pics\Berks\thumbnails\Waiting_0408_jpg.jpg Success
D:\Stripped\Jaysharp\pics\Berks\pages\Campfire_0410_jpg.htm Success
D:\Stripped\Jaysharp\pics\Berks\thumbnails\Campfire_0410_jpg.jpg Success
D:\Stripped\Jaysharp\pics\Berks\pages\Campfire_0411_jpg.htm Success
D:\Stripped\Jaysharp\pics\Berks\thumbnails\Campfire_0411_jpg.jpg Success
D:\Stripped\Jaysharp\pics\Berks\pages\Campfire_0412_jpg.htm Success
D:\Stripped\Jaysharp\pics\Berks\thumbnails\Campfire_0412_jpg.jpg Success
D:\Stripped\Jaysharp\pics\Berks\pages\Campfire_0413_jpg.htm Success
D:\Stripped\Jaysharp\pics\Berks\thumbnails\Campfire_0413_jpg.jpg Success
D:\Stripped\Jaysharp\pics\Berks\pages\UpsideDown_0416_jpg.htm Success
D:\Stripped\Jaysharp\pics\Berks\thumbnails\UpsideDown_0416_jpg.jpg Success
D:\Stripped\Jaysharp\pics\Berks\pages\Campfire_0418_jpg.htm Success
D:\Stripped\Jaysharp\pics\Berks\thumbnails\Campfire_0418_jpg.jpg Success
D:\Stripped\Jaysharp\pics\Berks\index.html Success
D:\Stripped\Jaysharp\pics\LaborDay2002\pages\IMG_1001_jpg.htm Success
D:\Stripped\Jaysharp\pics\LaborDay2002\thumbnails\IMG_1001_jpg.jpg Success
D:\Stripped\Jaysharp\pics\LaborDay2002\pages\IMG_1002_jpg.htm Success
D:\Stripped\Jaysharp\pics\LaborDay2002\thumbnails\IMG_1002_jpg.jpg Success
D:\Stripped\Jaysharp\pics\LaborDay2002\pages\IMG_1003_jpg.htm Success
D:\Stripped\Jaysharp\pics\LaborDay2002\thumbnails\IMG_1003_jpg.jpg Success
D:\Stripped\Jaysharp\pics\LaborDay2002\pages\IMG_1004_jpg.htm Success
D:\Stripped\Jaysharp\pics\LaborDay2002\thumbnails\IMG_1004_jpg.jpg Success
D:\Stripped\Jaysharp\pics\LaborDay2002\pages\IMG_1005_jpg.htm Success
D:\Stripped\Jaysharp\pics\LaborDay2002\thumbnails\IMG_1005_jpg.jpg Success
D:\Stripped\Jaysharp\pics\LaborDay2002\pages\IMG_1006_jpg.htm Success
D:\Stripped\Jaysharp\pics\LaborDay2002\thumbnails\IMG_1006_jpg.jpg Success
D:\Stripped\Jaysharp\pics\LaborDay2002\pages\IMG_1007_jpg.htm Success
D:\Stripped\Jaysharp\pics\LaborDay2002\thumbnails\IMG_1007_jpg.jpg Success
D:\Stripped\Jaysharp\pics\LaborDay2002\pages\IMG_1008_jpg.htm Success
D:\Stripped\Jaysharp\pics\LaborDay2002\thumbnails\IMG_1008_jpg.jpg Success
D:\Stripped\Jaysharp\pics\LaborDay2002\pages\IMG_1010_jpg.htm Success
D:\Stripped\Jaysharp\pics\LaborDay2002\thumbnails\IMG_1010_jpg.jpg Success
D:\Stripped\Jaysharp\pics\LaborDay2002\pages\IMG_1011_jpg.htm Success
D:\Stripped\Jaysharp\pics\LaborDay2002\thumbnails\IMG_1011_jpg.jpg Success
D:\Stripped\Jaysharp\pics\LaborDay2002\pages\IMG_1014_jpg.htm Success
D:\Stripped\Jaysharp\pics\LaborDay2002\thumbnails\IMG_1014_jpg.jpg Success
D:\Stripped\Jaysharp\pics\LaborDay2002\index.html Success
D:\Stripped\Jaysharp\pics\PickingApples\pages\IMG_1017_JPG.htm Success
D:\Stripped\Jaysharp\pics\PickingApples\thumbnails\IMG_1017_JPG.jpg Success
D:\Stripped\Jaysharp\pics\PickingApples\pages\IMG_1018_JPG.htm Success
D:\Stripped\Jaysharp\pics\PickingApples\thumbnails\IMG_1018_JPG.jpg Success
D:\Stripped\Jaysharp\pics\PickingApples\pages\IMG_1019_JPG.htm Success
D:\Stripped\Jaysharp\pics\PickingApples\thumbnails\IMG_1019_JPG.jpg Success
D:\Stripped\Jaysharp\pics\PickingApples\pages\IMG_1021_JPG.htm Success
D:\Stripped\Jaysharp\pics\PickingApples\thumbnails\IMG_1021_JPG.jpg Success
D:\Stripped\Jaysharp\pics\PickingApples\pages\IMG_1025_JPG.htm Success
D:\Stripped\Jaysharp\pics\PickingApples\thumbnails\IMG_1025_JPG.jpg Success
D:\Stripped\Jaysharp\pics\PickingApples\pages\IMG_1026_JPG.htm Success
D:\Stripped\Jaysharp\pics\PickingApples\thumbnails\IMG_1026_JPG.jpg Success
D:\Stripped\Jaysharp\pics\PickingApples\pages\IMG_1028_JPG.htm Success
D:\Stripped\Jaysharp\pics\PickingApples\thumbnails\IMG_1028_JPG.jpg Success
D:\Stripped\Jaysharp\pics\PickingApples\pages\IMG_1030_JPG.htm Success
D:\Stripped\Jaysharp\pics\PickingApples\thumbnails\IMG_1030_JPG.jpg Success
D:\Stripped\Jaysharp\pics\PickingApples\pages\IMG_1032_JPG.htm Success
D:\Stripped\Jaysharp\pics\PickingApples\thumbnails\IMG_1032_JPG.jpg Success
D:\Stripped\Jaysharp\pics\PickingApples\pages\IMG_1035_jpg.htm Success
D:\Stripped\Jaysharp\pics\PickingApples\thumbnails\IMG_1035_jpg.jpg Success
D:\Stripped\Jaysharp\pics\PickingApples\pages\IMG_1036_jpg.htm Success
D:\Stripped\Jaysharp\pics\PickingApples\thumbnails\IMG_1036_jpg.jpg Success
D:\Stripped\Jaysharp\pics\PickingApples\pages\IMG_1038_JPG.htm Success
D:\Stripped\Jaysharp\pics\PickingApples\thumbnails\IMG_1038_JPG.jpg Success
D:\Stripped\Jaysharp\pics\PickingApples\pages\IMG_1041_JPG.htm Success
D:\Stripped\Jaysharp\pics\PickingApples\thumbnails\IMG_1041_JPG.jpg Success
D:\Stripped\Jaysharp\pics\PickingApples\pages\IMG_1044_JPG.htm Success
D:\Stripped\Jaysharp\pics\PickingApples\thumbnails\IMG_1044_JPG.jpg Success
D:\Stripped\Jaysharp\pics\PickingApples\pages\IMG_1045_JPG.htm Success
D:\Stripped\Jaysharp\pics\PickingApples\thumbnails\IMG_1045_JPG.jpg Success
D:\Stripped\Jaysharp\pics\PickingApples\pages\IMG_1048_JPG.htm Success
D:\Stripped\Jaysharp\pics\PickingApples\thumbnails\IMG_1048_JPG.jpg Success
D:\Stripped\Jaysharp\pics\PickingApples\pages\IMG_1050_JPG.htm Success
D:\Stripped\Jaysharp\pics\PickingApples\thumbnails\IMG_1050_JPG.jpg Success
D:\Stripped\Jaysharp\pics\PickingApples\index.html Success
D:\Stripped\Jaysharp\pics\HarborIslands\pages\1052GrouchyTony_JPG.htm Success
D:\Stripped\Jaysharp\pics\HarborIslands\thumbnails\1052GrouchyTony_JPG.jpg Success
D:\Stripped\Jaysharp\pics\HarborIslands\pages\1053TonyWithFresca_JPG.htm Success
D:\Stripped\Jaysharp\pics\HarborIslands\thumbnails\1053TonyWithFresca_JPG.jpg Success
D:\Stripped\Jaysharp\pics\HarborIslands\pages\1054PaulLeavingBoston_JPG.htm Success
D:\Stripped\Jaysharp\pics\HarborIslands\thumbnails\1054PaulLeavingBoston_JPG.jpg Success
D:\Stripped\Jaysharp\pics\HarborIslands\pages\1055DavidOnIsland_JPG.htm Success
D:\Stripped\Jaysharp\pics\HarborIslands\thumbnails\1055DavidOnIsland_JPG.jpg Success
D:\Stripped\Jaysharp\pics\HarborIslands\pages\1056DavidOnIsland2_JPG.htm Success
D:\Stripped\Jaysharp\pics\HarborIslands\thumbnails\1056DavidOnIsland2_JPG.jpg Success
D:\Stripped\Jaysharp\pics\HarborIslands\pages\1057TonyLookIntoMyEyes_JPG.htm Success
D:\Stripped\Jaysharp\pics\HarborIslands\thumbnails\1057TonyLookIntoMyEyes_JPG.jpg Success
D:\Stripped\Jaysharp\pics\HarborIslands\pages\1058DavidInTurret_JPG.htm Success
D:\Stripped\Jaysharp\pics\HarborIslands\thumbnails\1058DavidInTurret_JPG.jpg Success
D:\Stripped\Jaysharp\pics\HarborIslands\pages\1059PaulInBlairWitchRoom_JPG.htm Success
D:\Stripped\Jaysharp\pics\HarborIslands\thumbnails\1059PaulInBlairWitchRoom_JPG.jpg Success
D:\Stripped\Jaysharp\pics\HarborIslands\pages\1060JayMissle_JPG.htm Success
D:\Stripped\Jaysharp\pics\HarborIslands\thumbnails\1060JayMissle_JPG.jpg Success
D:\Stripped\Jaysharp\pics\HarborIslands\pages\1061PaulDavidFort_JPG.htm Success
D:\Stripped\Jaysharp\pics\HarborIslands\thumbnails\1061PaulDavidFort_JPG.jpg Success
D:\Stripped\Jaysharp\pics\HarborIslands\pages\1062TonyPullTheLever_JPG.htm Success
D:\Stripped\Jaysharp\pics\HarborIslands\thumbnails\1062TonyPullTheLever_JPG.jpg Success
D:\Stripped\Jaysharp\pics\HarborIslands\pages\1063FortCourt_JPG.htm Success
D:\Stripped\Jaysharp\pics\HarborIslands\thumbnails\1063FortCourt_JPG.jpg Success
D:\Stripped\Jaysharp\pics\HarborIslands\pages\1064DavidLovesRedEye_JPG.htm Success
D:\Stripped\Jaysharp\pics\HarborIslands\thumbnails\1064DavidLovesRedEye_JPG.jpg Success
D:\Stripped\Jaysharp\pics\HarborIslands\pages\1065DangerTony_JPG.htm Success
D:\Stripped\Jaysharp\pics\HarborIslands\thumbnails\1065DangerTony_JPG.jpg Success
D:\Stripped\Jaysharp\pics\HarborIslands\pages\1066TotalDarkness_JPG.htm Success
D:\Stripped\Jaysharp\pics\HarborIslands\thumbnails\1066TotalDarkness_JPG.jpg Success
D:\Stripped\Jaysharp\pics\HarborIslands\pages\1067InARow_JPG.htm Success
D:\Stripped\Jaysharp\pics\HarborIslands\thumbnails\1067InARow_JPG.jpg Success
D:\Stripped\Jaysharp\pics\HarborIslands\pages\1068LookingBack_JPG.htm Success
D:\Stripped\Jaysharp\pics\HarborIslands\thumbnails\1068LookingBack_JPG.jpg Success
D:\Stripped\Jaysharp\pics\HarborIslands\pages\1069PaulDavidClimbingRocks_JPG.htm Success
D:\Stripped\Jaysharp\pics\HarborIslands\thumbnails\1069PaulDavidClimbingRocks_JPG.jpg Success
D:\Stripped\Jaysharp\pics\HarborIslands\pages\1070RockDebris_JPG.htm Success
D:\Stripped\Jaysharp\pics\HarborIslands\thumbnails\1070RockDebris_JPG.jpg Success
D:\Stripped\Jaysharp\pics\HarborIslands\pages\1071PaulSmile_JPG.htm Success
D:\Stripped\Jaysharp\pics\HarborIslands\thumbnails\1071PaulSmile_JPG.jpg Success
D:\Stripped\Jaysharp\pics\HarborIslands\pages\1072OnTheRocks_JPG.htm Success
D:\Stripped\Jaysharp\pics\HarborIslands\thumbnails\1072OnTheRocks_JPG.jpg Success
D:\Stripped\Jaysharp\pics\HarborIslands\pages\1073TonyWithDaddyGlasses_JPG.htm Success
D:\Stripped\Jaysharp\pics\HarborIslands\thumbnails\1073TonyWithDaddyGlasses_JPG.jpg Success
D:\Stripped\Jaysharp\pics\HarborIslands\pages\1074DavidFace_JPG.htm Success
D:\Stripped\Jaysharp\pics\HarborIslands\thumbnails\1074DavidFace_JPG.jpg Success
D:\Stripped\Jaysharp\pics\HarborIslands\pages\1075DavidFace2_JPG.htm Success
D:\Stripped\Jaysharp\pics\HarborIslands\thumbnails\1075DavidFace2_JPG.jpg Success
D:\Stripped\Jaysharp\pics\HarborIslands\pages\1076DavidLaying_JPG.htm Success
D:\Stripped\Jaysharp\pics\HarborIslands\thumbnails\1076DavidLaying_JPG.jpg Success
D:\Stripped\Jaysharp\pics\HarborIslands\pages\1077TonyOnSlab_JPG.htm Success
D:\Stripped\Jaysharp\pics\HarborIslands\thumbnails\1077TonyOnSlab_JPG.jpg Success
D:\Stripped\Jaysharp\pics\HarborIslands\pages\1078PaulOnSlab_JPG.htm Success
D:\Stripped\Jaysharp\pics\HarborIslands\thumbnails\1078PaulOnSlab_JPG.jpg Success
D:\Stripped\Jaysharp\pics\HarborIslands\pages\1079DavidOnSlab_JPG.htm Success
D:\Stripped\Jaysharp\pics\HarborIslands\thumbnails\1079DavidOnSlab_JPG.jpg Success
D:\Stripped\Jaysharp\pics\HarborIslands\pages\1080DavidOnSlab2_JPG.htm Success
D:\Stripped\Jaysharp\pics\HarborIslands\thumbnails\1080DavidOnSlab2_JPG.jpg Success
D:\Stripped\Jaysharp\pics\HarborIslands\pages\1081BackHomeSoClose_JPG.htm Success
D:\Stripped\Jaysharp\pics\HarborIslands\thumbnails\1081BackHomeSoClose_JPG.jpg Success
D:\Stripped\Jaysharp\pics\HarborIslands\pages\1082BackHomeFarAway_JPG.htm Success
D:\Stripped\Jaysharp\pics\HarborIslands\thumbnails\1082BackHomeFarAway_JPG.jpg Success
D:\Stripped\Jaysharp\pics\HarborIslands\index.html Success
D:\Stripped\Jaysharp\ILove\GB.jpg Success
D:\Stripped\Jaysharp\ILove\ILoveHeart.jpg Success
D:\Stripped\Jaysharp\ILove\PG.jpg Success
D:\Stripped\Jaysharp\David\.553.html Success
D:\Stripped\Jaysharp\David\.554.html Success
D:\Stripped\Jaysharp\David\.555.html Success
D:\Stripped\Jaysharp\David\.556.html Success
D:\Stripped\Jaysharp\David\_notes\index.html Success
D:\Stripped\Jaysharp\pics\ChanukahDinner\pages\IMG_1706_jpg.htm Success
D:\Stripped\Jaysharp\pics\ChanukahDinner\thumbnails\IMG_1706_jpg.jpg Success
D:\Stripped\Jaysharp\pics\ChanukahDinner\pages\IMG_1707_jpg.htm Success
D:\Stripped\Jaysharp\pics\ChanukahDinner\thumbnails\IMG_1707_jpg.jpg Success
D:\Stripped\Jaysharp\pics\ChanukahDinner\pages\IMG_1708_jpg.htm Success
D:\Stripped\Jaysharp\pics\ChanukahDinner\thumbnails\IMG_1708_jpg.jpg Success
D:\Stripped\Jaysharp\pics\ChanukahDinner\pages\IMG_1709_jpg.htm Success
D:\Stripped\Jaysharp\pics\ChanukahDinner\thumbnails\IMG_1709_jpg.jpg Success
D:\Stripped\Jaysharp\pics\ChanukahDinner\pages\IMG_1710_jpg.htm Success
D:\Stripped\Jaysharp\pics\ChanukahDinner\thumbnails\IMG_1710_jpg.jpg Success
D:\Stripped\Jaysharp\pics\ChanukahDinner\pages\IMG_1712_jpg.htm Success
D:\Stripped\Jaysharp\pics\ChanukahDinner\thumbnails\IMG_1712_jpg.jpg Success
D:\Stripped\Jaysharp\pics\ChanukahDinner\pages\IMG_1713_jpg.htm Success
D:\Stripped\Jaysharp\pics\ChanukahDinner\thumbnails\IMG_1713_jpg.jpg Success
D:\Stripped\Jaysharp\pics\ChanukahDinner\pages\IMG_1714_jpg.htm Success
D:\Stripped\Jaysharp\pics\ChanukahDinner\thumbnails\IMG_1714_jpg.jpg Success
D:\Stripped\Jaysharp\pics\ChanukahDinner\pages\IMG_1717_jpg.htm Success
D:\Stripped\Jaysharp\pics\ChanukahDinner\thumbnails\IMG_1717_jpg.jpg Success
D:\Stripped\Jaysharp\pics\ChanukahDinner\pages\IMG_1720_jpg.htm Success
D:\Stripped\Jaysharp\pics\ChanukahDinner\thumbnails\IMG_1720_jpg.jpg Success
D:\Stripped\Jaysharp\pics\ChanukahDinner\pages\IMG_1722_jpg.htm Success
D:\Stripped\Jaysharp\pics\ChanukahDinner\thumbnails\IMG_1722_jpg.jpg Success
D:\Stripped\Jaysharp\pics\ChanukahDinner\pages\IMG_1723_jpg.htm Success
D:\Stripped\Jaysharp\pics\ChanukahDinner\thumbnails\IMG_1723_jpg.jpg Success
D:\Stripped\Jaysharp\pics\ChanukahDinner\pages\IMG_1724_jpg.htm Success
D:\Stripped\Jaysharp\pics\ChanukahDinner\thumbnails\IMG_1724_jpg.jpg Success
D:\Stripped\Jaysharp\pics\ChanukahDinner\pages\IMG_1725_jpg.htm Success
D:\Stripped\Jaysharp\pics\ChanukahDinner\thumbnails\IMG_1725_jpg.jpg Success
D:\Stripped\Jaysharp\pics\ChanukahDinner\pages\IMG_1726_jpg.htm Success
D:\Stripped\Jaysharp\pics\ChanukahDinner\thumbnails\IMG_1726_jpg.jpg Success
D:\Stripped\Jaysharp\pics\ChanukahDinner\pages\IMG_1727_jpg.htm Success
D:\Stripped\Jaysharp\pics\ChanukahDinner\thumbnails\IMG_1727_jpg.jpg Success
D:\Stripped\Jaysharp\pics\ChanukahDinner\index.html Success
D:\Stripped\Jaysharp\ILove\JMoeh1.jpg Success
D:\Stripped\Jaysharp\ILove\JMoeh2.jpg Success
D:\Stripped\Jaysharp\pics\NYC\pages\IMG_2077_JPG.htm Success
D:\Stripped\Jaysharp\pics\NYC\thumbnails\IMG_2077_JPG.jpg Success
D:\Stripped\Jaysharp\pics\NYC\pages\IMG_2084_JPG.htm Success
D:\Stripped\Jaysharp\pics\NYC\thumbnails\IMG_2084_JPG.jpg Success
D:\Stripped\Jaysharp\pics\NYC\pages\IMG_2085_JPG.htm Success
D:\Stripped\Jaysharp\pics\NYC\thumbnails\IMG_2085_JPG.jpg Success
D:\Stripped\Jaysharp\pics\NYC\pages\IMG_2086_JPG.htm Success
D:\Stripped\Jaysharp\pics\NYC\thumbnails\IMG_2086_JPG.jpg Success
D:\Stripped\Jaysharp\pics\NYC\pages\IMG_2087_JPG.htm Success
D:\Stripped\Jaysharp\pics\NYC\thumbnails\IMG_2087_JPG.jpg Success
D:\Stripped\Jaysharp\pics\NYC\pages\IMG_2090_JPG.htm Success
D:\Stripped\Jaysharp\pics\NYC\thumbnails\IMG_2090_JPG.jpg Success
D:\Stripped\Jaysharp\pics\NYC\pages\IMG_2093_JPG.htm Success
D:\Stripped\Jaysharp\pics\NYC\thumbnails\IMG_2093_JPG.jpg Success
D:\Stripped\Jaysharp\pics\NYC\pages\IMG_2095_JPG.htm Success
D:\Stripped\Jaysharp\pics\NYC\thumbnails\IMG_2095_JPG.jpg Success
D:\Stripped\Jaysharp\pics\NYC\pages\IMG_2096_JPG.htm Success
D:\Stripped\Jaysharp\pics\NYC\thumbnails\IMG_2096_JPG.jpg Success
D:\Stripped\Jaysharp\pics\NYC\pages\IMG_2100_JPG.htm Success
D:\Stripped\Jaysharp\pics\NYC\thumbnails\IMG_2100_JPG.jpg Success
D:\Stripped\Jaysharp\pics\NYC\pages\IMG_2101_JPG.htm Success
D:\Stripped\Jaysharp\pics\NYC\thumbnails\IMG_2101_JPG.jpg Success
D:\Stripped\Jaysharp\pics\NYC\pages\IMG_2103_JPG.htm Success
D:\Stripped\Jaysharp\pics\NYC\thumbnails\IMG_2103_JPG.jpg Success
D:\Stripped\Jaysharp\pics\NYC\pages\IMG_2105_JPG.htm Success
D:\Stripped\Jaysharp\pics\NYC\thumbnails\IMG_2105_JPG.jpg Success
D:\Stripped\Jaysharp\pics\NYC\pages\IMG_2106_JPG.htm Success
D:\Stripped\Jaysharp\pics\NYC\thumbnails\IMG_2106_JPG.jpg Success
D:\Stripped\Jaysharp\pics\NYC\pages\IMG_2107_JPG.htm Success
D:\Stripped\Jaysharp\pics\NYC\thumbnails\IMG_2107_JPG.jpg Success
D:\Stripped\Jaysharp\pics\NYC\pages\IMG_2109_JPG.htm Success
D:\Stripped\Jaysharp\pics\NYC\thumbnails\IMG_2109_JPG.jpg Success
D:\Stripped\Jaysharp\pics\NYC\pages\IMG_2110_JPG.htm Success
D:\Stripped\Jaysharp\pics\NYC\thumbnails\IMG_2110_JPG.jpg Success
D:\Stripped\Jaysharp\pics\NYC\pages\IMG_2111_JPG.htm Success
D:\Stripped\Jaysharp\pics\NYC\thumbnails\IMG_2111_JPG.jpg Success
D:\Stripped\Jaysharp\pics\NYC\pages\IMG_2112_JPG.htm Success
D:\Stripped\Jaysharp\pics\NYC\thumbnails\IMG_2112_JPG.jpg Success
D:\Stripped\Jaysharp\pics\NYC\pages\IMG_2114_JPG.htm Success
D:\Stripped\Jaysharp\pics\NYC\thumbnails\IMG_2114_JPG.jpg Success
D:\Stripped\Jaysharp\pics\NYC\pages\IMG_2115_JPG.htm Success
D:\Stripped\Jaysharp\pics\NYC\thumbnails\IMG_2115_JPG.jpg Success
D:\Stripped\Jaysharp\pics\NYC\pages\IMG_2116_JPG.htm Success
D:\Stripped\Jaysharp\pics\NYC\thumbnails\IMG_2116_JPG.jpg Success
D:\Stripped\Jaysharp\pics\NYC\pages\IMG_2117_JPG.htm Success
D:\Stripped\Jaysharp\pics\NYC\thumbnails\IMG_2117_JPG.jpg Success
D:\Stripped\Jaysharp\pics\NYC\pages\IMG_2118_JPG.htm Success
D:\Stripped\Jaysharp\pics\NYC\thumbnails\IMG_2118_JPG.jpg Success
D:\Stripped\Jaysharp\pics\NYC\pages\IMG_2123_JPG.htm Success
D:\Stripped\Jaysharp\pics\NYC\thumbnails\IMG_2123_JPG.jpg Success
D:\Stripped\Jaysharp\pics\NYC\index.html Success
D:\Stripped\Jaysharp\ILove\JS.jpg Success
D:\Stripped\Jaysharp\ILove\PK.jpg Success
D:\Stripped\Jaysharp\ILove\LK.jpg Success
D:\Stripped\Jaysharp\ILove\VS1.jpg Success
D:\Stripped\Jaysharp\ILove\VS2.jpg Success
D:\Stripped\Jaysharp\ILove\SS.jpg Success
D:\Stripped\Jaysharp\ILove\JMay.jpg Success
D:\Stripped\Jaysharp\ILove\NS.jpg Success
D:\Stripped\Jaysharp\ILove\EP.jpg Success
D:\Stripped\Jaysharp\ILove\GW.jpg Success
D:\Stripped\Jaysharp\ILove\EC.jpg Success
D:\Stripped\Jaysharp\ILove\SM.jpg Success
D:\Stripped\Jaysharp\ILove\JH.jpg Success
D:\Stripped\Jaysharp\ILove\DB.jpg Success
D:\Stripped\Jaysharp\ILove\JRML.JPG Success
D:\Stripped\Jaysharp\ILove\JF.jpg Success
D:\Stripped\Jaysharp\ILove\SB.jpg Success
D:\Stripped\Jaysharp\ILove\MM.jpg Success
D:\Stripped\Jaysharp\ILove\CJ.jpg Success
D:\Stripped\Jaysharp\ILove\MS.jpg Success
D:\Stripped\Jaysharp\ILove\TA.jpg Success
D:\Stripped\Jaysharp\ILove\MStevens.JPG Success
D:\Stripped\Jaysharp\ILove\EJ.jpg Success
D:\Stripped\Jaysharp\Personals\.667.html Success
D:\Stripped\Jaysharp\Personals\.668.html Success
D:\Stripped\Jaysharp\Personals\.669.html Success
D:\Stripped\Jaysharp\Personals\.670.html Success
D:\Stripped\Jaysharp\pics\JeremyWedding\images\abby_uncle_jay_JPG.jpg Success
D:\Stripped\Jaysharp\pics\JeremyWedding\pages\index.html Success
D:\Stripped\Jaysharp\pics\JeremyWedding\images\ben_abby_JPG.jpg Success
D:\Stripped\Jaysharp\pics\JeremyWedding\images\BrothersSharp_jpg.jpg Success
D:\Stripped\Jaysharp\pics\JeremyWedding\images\abby_grandma_hodges_JPG.jpg Success
D:\Stripped\Jaysharp\pics\JMS\pages\.676.html Success
D:\Stripped\Jaysharp\pics\JMS\pages\.677.html Success
D:\Stripped\Jaysharp\pics\JMS\pages\.678.html Success
D:\Stripped\Jaysharp\pics\JMS\pages\.679.html Success
D:\Stripped\Jaysharp\pics\JMS\index.html Success
D:\Stripped\Jaysharp\pics\JMS\pages\_notes\index.html Success
D:\Stripped\Jaysharp\pics\JeremyWedding\images\ben_grandpa_sharp_JPG.jpg Success
D:\Stripped\Jaysharp\pics\JeremyWedding\images\MustStayAwakeToday_jpg.jpg Success
D:\Stripped\Jaysharp\pics\JeremyWedding\images\HeyMomLeaveThemBirdsAlone_jpg.jpg Success
D:\Stripped\Jaysharp\pics\JeremyWedding\images\Edward_Looking_Too_Cool_jpg.jpg Success
D:\Stripped\Jaysharp\pics\JeremyWedding\images\OpenYourEyesForTheCamera_jpg.jpg Success
D:\Stripped\Jaysharp\pics\JeremyWedding\images\ReallyTryingToStayAwake_jpg.jpg Success
D:\Stripped\Jaysharp\pics\JeremyWedding\images\sharp_family_JPG.jpg Success
D:\Stripped\Jaysharp\pics\JeremyWedding\images\P5310015.jpg Success
D:\Stripped\Jaysharp\pics\JeremyWedding\images\P5310045.jpg Success
D:\Stripped\Jaysharp\pics\JeremyWedding\images\sugar.jpg Success
D:\Stripped\Jaysharp\pics\JeremyWedding\images\P6010096.jpg Success
D:\Stripped\Jaysharp\pics\JeremyWedding\images\publicity_pic.jpg Success
D:\Stripped\Jaysharp\pics\Pride2003\pages\IMG_2224_jpg.htm Success
D:\Stripped\Jaysharp\pics\Pride2003\thumbnails\IMG_2224_jpg.jpg Success
D:\Stripped\Jaysharp\pics\Pride2003\pages\IMG_2225_jpg.htm Success
D:\Stripped\Jaysharp\pics\Pride2003\thumbnails\IMG_2225_jpg.jpg Success
D:\Stripped\Jaysharp\pics\Pride2003\pages\IMG_2227_jpg.htm Success
D:\Stripped\Jaysharp\pics\Pride2003\thumbnails\IMG_2227_jpg.jpg Success
D:\Stripped\Jaysharp\pics\Pride2003\pages\IMG_2229_jpg.htm Success
D:\Stripped\Jaysharp\pics\Pride2003\thumbnails\IMG_2229_jpg.jpg Success
D:\Stripped\Jaysharp\pics\Pride2003\pages\IMG_2231_jpg.htm Success
D:\Stripped\Jaysharp\pics\Pride2003\thumbnails\IMG_2231_jpg.jpg Success
D:\Stripped\Jaysharp\pics\Pride2003\pages\IMG_2232_jpg.htm Success
D:\Stripped\Jaysharp\pics\Pride2003\thumbnails\IMG_2232_jpg.jpg Success
D:\Stripped\Jaysharp\pics\Pride2003\pages\IMG_2233_jpg.htm Success
D:\Stripped\Jaysharp\pics\Pride2003\thumbnails\IMG_2233_jpg.jpg Success
D:\Stripped\Jaysharp\pics\Pride2003\pages\IMG_2234_jpg.htm Success
D:\Stripped\Jaysharp\pics\Pride2003\thumbnails\IMG_2234_jpg.jpg Success
D:\Stripped\Jaysharp\pics\Pride2003\pages\IMG_2235_jpg.htm Success
D:\Stripped\Jaysharp\pics\Pride2003\thumbnails\IMG_2235_jpg.jpg Success
D:\Stripped\Jaysharp\pics\Pride2003\pages\IMG_2236_jpg.htm Success
D:\Stripped\Jaysharp\pics\Pride2003\thumbnails\IMG_2236_jpg.jpg Success
D:\Stripped\Jaysharp\pics\Pride2003\pages\IMG_2237_jpg.htm Success
D:\Stripped\Jaysharp\pics\Pride2003\thumbnails\IMG_2237_jpg.jpg Success
D:\Stripped\Jaysharp\pics\Pride2003\pages\IMG_2238_jpg.htm Success
D:\Stripped\Jaysharp\pics\Pride2003\thumbnails\IMG_2238_jpg.jpg Success
D:\Stripped\Jaysharp\pics\Pride2003\pages\IMG_2239_jpg.htm Success
D:\Stripped\Jaysharp\pics\Pride2003\thumbnails\IMG_2239_jpg.jpg Success
D:\Stripped\Jaysharp\pics\Pride2003\pages\IMG_2241_jpg.htm Success
D:\Stripped\Jaysharp\pics\Pride2003\thumbnails\IMG_2241_jpg.jpg Success
D:\Stripped\Jaysharp\pics\Pride2003\pages\IMG_2243_jpg.htm Success
D:\Stripped\Jaysharp\pics\Pride2003\thumbnails\IMG_2243_jpg.jpg Success
D:\Stripped\Jaysharp\pics\Pride2003\pages\IMG_2244_jpg.htm Success
D:\Stripped\Jaysharp\pics\Pride2003\thumbnails\IMG_2244_jpg.jpg Success
D:\Stripped\Jaysharp\pics\Pride2003\pages\IMG_2245_jpg.htm Success
D:\Stripped\Jaysharp\pics\Pride2003\thumbnails\IMG_2245_jpg.jpg Success
D:\Stripped\Jaysharp\pics\Pride2003\pages\IMG_2248_jpg.htm Success
D:\Stripped\Jaysharp\pics\Pride2003\thumbnails\IMG_2248_jpg.jpg Success
D:\Stripped\Jaysharp\pics\Pride2003\pages\IMG_2249_jpg.htm Success
D:\Stripped\Jaysharp\pics\Pride2003\thumbnails\IMG_2249_jpg.jpg Success
D:\Stripped\Jaysharp\pics\Pride2003\pages\IMG_2250_jpg.htm Success
D:\Stripped\Jaysharp\pics\Pride2003\thumbnails\IMG_2250_jpg.jpg Success
D:\Stripped\Jaysharp\pics\Pride2003\pages\IMG_2251_jpg.htm Success
D:\Stripped\Jaysharp\pics\Pride2003\thumbnails\IMG_2251_jpg.jpg Success
D:\Stripped\Jaysharp\pics\Pride2003\pages\IMG_2252_jpg.htm Success
D:\Stripped\Jaysharp\pics\Pride2003\thumbnails\IMG_2252_jpg.jpg Success
D:\Stripped\Jaysharp\pics\Pride2003\pages\IMG_2253_jpg.htm Success
D:\Stripped\Jaysharp\pics\Pride2003\thumbnails\IMG_2253_jpg.jpg Success
D:\Stripped\Jaysharp\pics\Pride2003\pages\IMG_2254_jpg.htm Success
D:\Stripped\Jaysharp\pics\Pride2003\thumbnails\IMG_2254_jpg.jpg Success
D:\Stripped\Jaysharp\pics\Pride2003\pages\IMG_2259_jpg.htm Success
D:\Stripped\Jaysharp\pics\Pride2003\thumbnails\IMG_2259_jpg.jpg Success
D:\Stripped\Jaysharp\pics\Pride2003\pages\IMG_2260_jpg.htm Success
D:\Stripped\Jaysharp\pics\Pride2003\thumbnails\IMG_2260_jpg.jpg Success
D:\Stripped\Jaysharp\pics\Pride2003\pages\IMG_2261_jpg.htm Success
D:\Stripped\Jaysharp\pics\Pride2003\thumbnails\IMG_2261_jpg.jpg Success
D:\Stripped\Jaysharp\pics\Pride2003\pages\IMG_2262_jpg.htm Success
D:\Stripped\Jaysharp\pics\Pride2003\thumbnails\IMG_2262_jpg.jpg Success
D:\Stripped\Jaysharp\pics\Pride2003\pages\IMG_2263_jpg.htm Success
D:\Stripped\Jaysharp\pics\Pride2003\thumbnails\IMG_2263_jpg.jpg Success
D:\Stripped\Jaysharp\pics\Pride2003\pages\IMG_2265_jpg.htm Success
D:\Stripped\Jaysharp\pics\Pride2003\thumbnails\IMG_2265_jpg.jpg Success
D:\Stripped\Jaysharp\pics\Pride2003\pages\IMG_2267_jpg.htm Success
D:\Stripped\Jaysharp\pics\Pride2003\thumbnails\IMG_2267_jpg.jpg Success
D:\Stripped\Jaysharp\pics\Pride2003\pages\IMG_2268_jpg.htm Success
D:\Stripped\Jaysharp\pics\Pride2003\thumbnails\IMG_2268_jpg.jpg Success
D:\Stripped\Jaysharp\pics\Pride2003\pages\IMG_2270_jpg.htm Success
D:\Stripped\Jaysharp\pics\Pride2003\thumbnails\IMG_2270_jpg.jpg Success
D:\Stripped\Jaysharp\pics\Pride2003\pages\IMG_2271_jpg.htm Success
D:\Stripped\Jaysharp\pics\Pride2003\thumbnails\IMG_2271_jpg.jpg Success
D:\Stripped\Jaysharp\pics\Pride2003\pages\IMG_2272_jpg.htm Success
D:\Stripped\Jaysharp\pics\Pride2003\thumbnails\IMG_2272_jpg.jpg Success
D:\Stripped\Jaysharp\pics\Pride2003\pages\IMG_2273_jpg.htm Success
D:\Stripped\Jaysharp\pics\Pride2003\thumbnails\IMG_2273_jpg.jpg Success
D:\Stripped\Jaysharp\pics\Pride2003\pages\IMG_2275_jpg.htm Success
D:\Stripped\Jaysharp\pics\Pride2003\thumbnails\IMG_2275_jpg.jpg Success
D:\Stripped\Jaysharp\pics\Pride2003\pages\IMG_2276_jpg.htm Success
D:\Stripped\Jaysharp\pics\Pride2003\thumbnails\IMG_2276_jpg.jpg Success
D:\Stripped\Jaysharp\pics\Pride2003\pages\IMG_2277_jpg.htm Success
D:\Stripped\Jaysharp\pics\Pride2003\thumbnails\IMG_2277_jpg.jpg Success
D:\Stripped\Jaysharp\pics\Pride2003\pages\IMG_2278_jpg.htm Success
D:\Stripped\Jaysharp\pics\Pride2003\thumbnails\IMG_2278_jpg.jpg Success
D:\Stripped\Jaysharp\pics\Pride2003\pages\IMG_2279_jpg.htm Success
D:\Stripped\Jaysharp\pics\Pride2003\thumbnails\IMG_2279_jpg.jpg Success
D:\Stripped\Jaysharp\pics\Pride2003\pages\IMG_2280_jpg.htm Success
D:\Stripped\Jaysharp\pics\Pride2003\thumbnails\IMG_2280_jpg.jpg Success
D:\Stripped\Jaysharp\pics\Pride2003\pages\IMG_2281_jpg.htm Success
D:\Stripped\Jaysharp\pics\Pride2003\thumbnails\IMG_2281_jpg.jpg Success
D:\Stripped\Jaysharp\pics\Pride2003\pages\IMG_2282_jpg.htm Success
D:\Stripped\Jaysharp\pics\Pride2003\thumbnails\IMG_2282_jpg.jpg Success
D:\Stripped\Jaysharp\pics\Pride2003\pages\IMG_2283_jpg.htm Success
D:\Stripped\Jaysharp\pics\Pride2003\thumbnails\IMG_2283_jpg.jpg Success
D:\Stripped\Jaysharp\pics\Pride2003\pages\IMG_2284_jpg.htm Success
D:\Stripped\Jaysharp\pics\Pride2003\thumbnails\IMG_2284_jpg.jpg Success
D:\Stripped\Jaysharp\pics\Pride2003\pages\IMG_2285_jpg.htm Success
D:\Stripped\Jaysharp\pics\Pride2003\thumbnails\IMG_2285_jpg.jpg Success
D:\Stripped\Jaysharp\pics\Pride2003\pages\IMG_2286_jpg.htm Success
D:\Stripped\Jaysharp\pics\Pride2003\thumbnails\IMG_2286_jpg.jpg Success
D:\Stripped\Jaysharp\pics\Pride2003\pages\IMG_2287_jpg.htm Success
D:\Stripped\Jaysharp\pics\Pride2003\thumbnails\IMG_2287_jpg.jpg Success
D:\Stripped\Jaysharp\pics\Pride2003\pages\IMG_2288_jpg.htm Success
D:\Stripped\Jaysharp\pics\Pride2003\thumbnails\IMG_2288_jpg.jpg Success
D:\Stripped\Jaysharp\pics\Pride2003\pages\IMG_2289_jpg.htm Success
D:\Stripped\Jaysharp\pics\Pride2003\thumbnails\IMG_2289_jpg.jpg Success
D:\Stripped\Jaysharp\pics\Pride2003\pages\IMG_2290_jpg.htm Success
D:\Stripped\Jaysharp\pics\Pride2003\thumbnails\IMG_2290_jpg.jpg Success
D:\Stripped\Jaysharp\pics\Pride2003\pages\IMG_2291_jpg.htm Success
D:\Stripped\Jaysharp\pics\Pride2003\thumbnails\IMG_2291_jpg.jpg Success
D:\Stripped\Jaysharp\pics\Pride2003\pages\IMG_2292_jpg.htm Success
D:\Stripped\Jaysharp\pics\Pride2003\thumbnails\IMG_2292_jpg.jpg Success
D:\Stripped\Jaysharp\pics\Pride2003\index.html Success
D:\Stripped\Jaysharp\pics\Badlands\images\Badlands0575_img_jpg.jpg Success
D:\Stripped\Jaysharp\pics\Badlands\pages\index.html Success
D:\Stripped\Jaysharp\pics\Badlands\images\Badlands0576_img_jpg.jpg Success
D:\Stripped\Jaysharp\pics\Badlands\images\SharpsCorner0568_img_jpg.jpg Success
D:\Stripped\Jaysharp\pics\Badlands\pages\Badlands0581_img_jpg.htm Success
D:\Stripped\Jaysharp\pics\Badlands\images\Badlands0580_img_jpg.jpg Success
D:\Stripped\Jaysharp\pics\Badlands\pages\Badlands0582_img_jpg.htm Success
D:\Stripped\Jaysharp\pics\Badlands\images\Badlands0583_img_jpg.jpg Success
D:\Stripped\Jaysharp\pics\Asia\images\JMS_GreatWall2_0737_JPG.jpg Success
D:\Stripped\Jaysharp\pics\Asia\pages\index.html Success
D:\Stripped\Jaysharp\pics\Asia\images\GreatWallView_0734_JPG.jpg Success
D:\Stripped\Jaysharp\pics\Asia\images\JMS_ForbiddenCity_0729_JPG.jpg Success
D:\Stripped\Jaysharp\pics\Asia\images\JMS_GreatWall_0737_jpg.jpg Success
D:\Stripped\Jaysharp\pics\Asia\images\JMS_Temple_0742_jpg.jpg Success
D:\Stripped\Jaysharp\pics\Asia\images\JMS_HongKongAirPort_0727_jpg.jpg Success
D:\Stripped\Jaysharp\pics\Asia\images\JMS_Temple1_0743_JPG.jpg Success
D:\Stripped\Jaysharp\pics\Asia\images\Temple_0741_JPG.jpg Success
D:\Stripped\Jaysharp\ILove\MA.jpg Success
D:\Stripped\Jaysharp\pics\Australia\images\Angels_jpg.jpg Success
D:\Stripped\Jaysharp\pics\Australia\pages\index.html Success
D:\Stripped\Jaysharp\pics\Australia\images\GB_ManlySepia_0819_jpg.jpg Success
D:\Stripped\Jaysharp\pics\Australia\images\GB_Hotel_Sepia_0804_jpg.jpg Success
Not Success: http://www.jaysharp.com/pics/Australia/images/GB_Hotel_Sepia2_0804_jpg.jpg
D:\Stripped\Jaysharp\pics\Australia\images\GB_Boat_0840_jpg.jpg Success
D:\Stripped\Jaysharp\pics\Australia\images\GB_Patio_TimeOut_0803_jpg.jpg Success
D:\Stripped\Jaysharp\pics\Australia\images\JMS_Bed_jpg.jpg Success
D:\Stripped\Jaysharp\pics\Australia\images\JMS_SydneyHydePark_jpg.jpg Success
D:\Stripped\Jaysharp\pics\Australia\images\JMS_WC_jpg.jpg Success
D:\Stripped\Jaysharp\pics\Australia\images\OperaHouse_jpg.jpg Success
D:\Stripped\Jaysharp\pics\PTown\images\IMG_0844_JPG.jpg Success
D:\Stripped\Jaysharp\pics\PTown\pages\index.html Success
D:\Stripped\Jaysharp\pics\Australia\images\MidnightShift_jpg.jpg Success
D:\Stripped\Jaysharp\pics\PTown\images\IMG_0841_JPG.jpg Success
D:\Stripped\Jaysharp\pics\PTown\images\IMG_0849_JPG.jpg Success
D:\Stripped\Jaysharp\pics\PTown\images\IMG_0850_JPG.jpg Success
D:\Stripped\Jaysharp\pics\PTown\images\IMG_0855_JPG.jpg Success
D:\Stripped\Jaysharp\pics\PTown\images\IMG_0845_JPG.jpg Success
D:\Stripped\Jaysharp\pics\PTown\images\IMG_0857_JPG.jpg Success
D:\Stripped\Jaysharp\pics\PTown\images\IMG_0851_JPG.jpg Success
D:\Stripped\Jaysharp\pics\PTown\images\IMG_0848_JPG.jpg Success
D:\Stripped\Jaysharp\pics\ADam\images\Mike_0459_jpg.jpg Success
D:\Stripped\Jaysharp\pics\ADam\pages\index.html Success
D:\Stripped\Jaysharp\pics\ADam\images\Greg_0464_jpg.jpg Success
D:\Stripped\Jaysharp\pics\ADam\images\GregMike_0461_jpg.jpg Success
D:\Stripped\Jaysharp\pics\ADam\images\Greg_0460_jpg.jpg Success
D:\Stripped\Jaysharp\pics\ADam\images\GregNMike_0462_jpg.jpg Success
D:\Stripped\Jaysharp\pics\ADam\images\Mike_0463_jpg.jpg Success
D:\Stripped\Jaysharp\pics\ADam\images\JayGregMike2_0529_jpg.jpg Success
D:\Stripped\Jaysharp\pics\ADam\images\JayGregMike_0529_jpg.jpg Success
D:\Stripped\Jaysharp\pics\ADam\images\GregMattMike_0528_jpg.jpg Success
D:\Stripped\Jaysharp\pics\ADam\images\GregMattMike_0526_jpg.jpg Success
D:\Stripped\Jaysharp\pics\ADam\images\GregMikeMatt_0534_jpg.jpg Success
D:\Stripped\Jaysharp\pics\ADam\images\JayGregMike_0530_jpg.jpg Success
D:\Stripped\Jaysharp\pics\ADam\images\JayGregMike2_0530_jpg.jpg Success
D:\Stripped\Jaysharp\pics\ADam\images\MattTim_0544_jpg.jpg Success
D:\Stripped\Jaysharp\pics\ADam\images\GregMike_0545_jpg.jpg Success
D:\Stripped\Jaysharp\pics\ADam\images\Greg_0537_jpg.jpg Success
D:\Stripped\Jaysharp\pics\ADam\images\GregMikeJay_0546_jpg.jpg Success
D:\Stripped\Jaysharp\pics\ADam\images\GregMikeJay_0548_jpg.jpg Success
D:\Stripped\Jaysharp\pics\ADam\images\Mike_0469_jpg.jpg Success
D:\Stripped\Jaysharp\pics\ADam\images\Greg_0467_jpg.jpg Success
D:\Stripped\Jaysharp\pics\ADam\images\Mike_0468_jpg.jpg Success
Not Success: http://www.jaysharp.com/pics/ADam/images/Greg_0470_jpg.jpg
D:\Stripped\Jaysharp\pics\ADam\images\Matt_0535_jpg.jpg Success
D:\Stripped\Jaysharp\pics\ADam\images\Mike_0471_jpg.jpg Success
Not Success: http://www.jaysharp.com/pics/ADam/images/GregMike_0466_jpg.jpg
D:\Stripped\Jaysharp\pics\ADam\images\Tim_0482_jpg.jpg Success
D:\Stripped\Jaysharp\pics\ADam\images\Greg_0488_jpg.jpg Success
D:\Stripped\Jaysharp\pics\ADam\images\Jay_0481_jpg.jpg Success
D:\Stripped\Jaysharp\pics\ADam\images\Cat_0485_jpg.jpg Success
D:\Stripped\Jaysharp\pics\Australia\images\GB_Manly_Cliff_0816_jpg.jpg Success
D:\Stripped\Jaysharp\pics\ADam\images\Tim_0490_jpg.jpg Success
D:\Stripped\Jaysharp\pics\ADam\images\Matt_0495_jpg.jpg Success
D:\Stripped\Jaysharp\pics\ADam\images\Matt_0497_jpg.jpg Success
D:\Stripped\Jaysharp\pics\ADam\images\ADam_0500_jpg.jpg Success
D:\Stripped\Jaysharp\pics\ADam\images\Table_0480_jpg.jpg Success
D:\Stripped\Jaysharp\pics\ADam\images\Mike_0503_jpg.jpg Success
D:\Stripped\Jaysharp\pics\ADam\images\GregMike_0501_jpg.jpg Success
D:\Stripped\Jaysharp\pics\ADam\images\Matt_0492_jpg.jpg Success
D:\Stripped\Jaysharp\pics\ADam\images\Mike_0504_jpg.jpg Success
D:\Stripped\Jaysharp\pics\ADam\images\Matt_0507_jpg.jpg Success
D:\Stripped\Jaysharp\pics\ADam\images\Greg_0511_jpg.jpg Success
D:\Stripped\Jaysharp\pics\PTown\images\IMG_0842_JPG.jpg Success
D:\Stripped\Jaysharp\pics\ADam\images\Greg_0515_jpg.jpg Success
D:\Stripped\Jaysharp\pics\ADam\images\GregTim_0518_jpg.jpg Success
D:\Stripped\Jaysharp\pics\ADam\images\Greg_0516_jpg.jpg Success
D:\Stripped\Jaysharp\pics\ADam\images\Greg_0517_jpg.jpg Success
D:\Stripped\Jaysharp\pics\ADam\images\Kid_0519_jpg.jpg Success
D:\Stripped\Jaysharp\pics\Berks\images\Jason_0362_jpg.jpg Success
D:\Stripped\Jaysharp\pics\Berks\pages\index.html Success
D:\Stripped\Jaysharp\pics\Berks\images\gavi_0402_jpg.jpg Success
D:\Stripped\Jaysharp\pics\Berks\images\mark_0352_jpg.jpg Success
D:\Stripped\Jaysharp\pics\Berks\images\Cow_0403_jpg.jpg Success
D:\Stripped\Jaysharp\pics\Berks\images\Valley_0360_jpg.jpg Success
D:\Stripped\Jaysharp\pics\Berks\images\Waiting_0368_jpg.jpg Success
D:\Stripped\Jaysharp\pics\Berks\images\Children1_0363_jpg.jpg Success
D:\Stripped\Jaysharp\pics\Berks\images\Nancy_0367_jpg.jpg Success
D:\Stripped\Jaysharp\pics\Berks\images\Children_0363_jpg.jpg Success
D:\Stripped\Jaysharp\pics\Berks\images\Waiting_0366_jpg.jpg Success
D:\Stripped\Jaysharp\pics\Berks\images\Rock_0373_jpg.jpg Success
D:\Stripped\Jaysharp\pics\Berks\images\TreePod_0369_jpg.jpg Success
D:\Stripped\Jaysharp\pics\Berks\images\Picnic_0379_jpg.jpg Success
D:\Stripped\Jaysharp\pics\Berks\images\MarkNaomi_0378_jpg.jpg Success
D:\Stripped\Jaysharp\pics\Berks\images\Picnic_0377_jpg.jpg Success
D:\Stripped\Jaysharp\pics\Berks\images\Rock_0374_jpg.jpg Success
D:\Stripped\Jaysharp\pics\Berks\images\LandScape_0370_jpg.jpg Success
D:\Stripped\Jaysharp\pics\Berks\images\Picnic_0376_jpg.jpg Success
D:\Stripped\Jaysharp\pics\Berks\images\Hiking_0375_jpg.jpg Success
D:\Stripped\Jaysharp\pics\Berks\images\Picnic_0383_jpg.jpg Success
D:\Stripped\Jaysharp\pics\Berks\images\PicnicBoy_0386_jpg.jpg Success
D:\Stripped\Jaysharp\pics\Berks\images\Jason_0380_jpg.jpg Success
D:\Stripped\Jaysharp\pics\Berks\images\PicnicBoy_0387_jpg.jpg Success
D:\Stripped\Jaysharp\pics\Berks\images\PicnicBoy_0388_jpg.jpg Success
D:\Stripped\Jaysharp\pics\Berks\images\Picnic_0384_jpg.jpg Success
D:\Stripped\Jaysharp\pics\ADam\images\Mike_0489_jpg.jpg Success
D:\Stripped\Jaysharp\pics\Berks\images\Tumble_0397_jpg.jpg Success
D:\Stripped\Jaysharp\pics\Berks\images\Tumble_0399_jpg.jpg Success
D:\Stripped\Jaysharp\pics\Berks\images\Tumble_0398_jpg.jpg Success
D:\Stripped\Jaysharp\pics\Berks\images\Picnic_0401_jpg.jpg Success
D:\Stripped\Jaysharp\pics\Berks\images\Tumble_0396_jpg.jpg Success
D:\Stripped\Jaysharp\pics\Berks\images\Picnic_0400_jpg.jpg Success
D:\Stripped\Jaysharp\pics\Berks\images\PiggyBack_0406_jpg.jpg Success
D:\Stripped\Jaysharp\pics\Berks\images\Campfire_0411_jpg.jpg Success
D:\Stripped\Jaysharp\pics\Berks\images\Cow_0405_jpg.jpg Success
D:\Stripped\Jaysharp\pics\Berks\images\Campfire_0410_jpg.jpg Success
D:\Stripped\Jaysharp\pics\Berks\images\Campfire_0412_jpg.jpg Success
D:\Stripped\Jaysharp\pics\Berks\images\Waiting_0408_jpg.jpg Success
D:\Stripped\Jaysharp\pics\Berks\images\Campfire_0413_jpg.jpg Success
D:\Stripped\Jaysharp\pics\Berks\images\UpsideDown_0416_jpg.jpg Success
D:\Stripped\Jaysharp\pics\Berks\images\Campfire_0418_jpg.jpg Success
D:\Stripped\Jaysharp\pics\Berks\images\gavi_0353_jpg.jpg Success
D:\Stripped\Jaysharp\pics\LaborDay2002\images\IMG_1001_jpg.jpg Success
D:\Stripped\Jaysharp\pics\LaborDay2002\pages\index.html Success
D:\Stripped\Jaysharp\pics\LaborDay2002\images\IMG_1003_jpg.jpg Success
D:\Stripped\Jaysharp\pics\LaborDay2002\images\IMG_1002_jpg.jpg Success
D:\Stripped\Jaysharp\pics\LaborDay2002\images\IMG_1004_jpg.jpg Success
D:\Stripped\Jaysharp\pics\LaborDay2002\images\IMG_1005_jpg.jpg Success
D:\Stripped\Jaysharp\pics\LaborDay2002\images\IMG_1007_jpg.jpg Success
D:\Stripped\Jaysharp\pics\LaborDay2002\images\IMG_1008_jpg.jpg Success
D:\Stripped\Jaysharp\pics\LaborDay2002\images\IMG_1010_jpg.jpg Success
D:\Stripped\Jaysharp\pics\LaborDay2002\images\IMG_1011_jpg.jpg Success
D:\Stripped\Jaysharp\pics\LaborDay2002\images\IMG_1014_jpg.jpg Success
D:\Stripped\Jaysharp\pics\PickingApples\images\IMG_1017_JPG.jpg Success
D:\Stripped\Jaysharp\pics\PickingApples\pages\index.html Success
D:\Stripped\Jaysharp\pics\PickingApples\images\IMG_1019_JPG.jpg Success
D:\Stripped\Jaysharp\pics\PickingApples\images\IMG_1018_JPG.jpg Success
D:\Stripped\Jaysharp\pics\PickingApples\images\IMG_1021_JPG.jpg Success
D:\Stripped\Jaysharp\pics\PickingApples\images\IMG_1025_JPG.jpg Success
D:\Stripped\Jaysharp\pics\PickingApples\images\IMG_1026_JPG.jpg Success
D:\Stripped\Jaysharp\pics\PickingApples\images\IMG_1030_JPG.jpg Success
D:\Stripped\Jaysharp\pics\PickingApples\images\IMG_1028_JPG.jpg Success
D:\Stripped\Jaysharp\pics\PickingApples\images\IMG_1032_JPG.jpg Success
D:\Stripped\Jaysharp\pics\Berks\images\Picnic_0395_jpg.jpg Success
D:\Stripped\Jaysharp\pics\PickingApples\images\IMG_1036_jpg.jpg Success
D:\Stripped\Jaysharp\pics\PickingApples\images\IMG_1038_JPG.jpg Success
D:\Stripped\Jaysharp\pics\PickingApples\images\IMG_1041_JPG.jpg Success
D:\Stripped\Jaysharp\pics\PickingApples\images\IMG_1035_jpg.jpg Success
D:\Stripped\Jaysharp\pics\PickingApples\images\IMG_1044_JPG.jpg Success
D:\Stripped\Jaysharp\pics\PickingApples\images\IMG_1048_JPG.jpg Success
D:\Stripped\Jaysharp\pics\PickingApples\images\IMG_1050_JPG.jpg Success
D:\Stripped\Jaysharp\pics\PickingApples\images\IMG_1045_JPG.jpg Success
D:\Stripped\Jaysharp\pics\HarborIslands\images\1052GrouchyTony_JPG.jpg Success
D:\Stripped\Jaysharp\pics\HarborIslands\pages\index.html Success
D:\Stripped\Jaysharp\pics\HarborIslands\images\1054PaulLeavingBoston_JPG.jpg Success
D:\Stripped\Jaysharp\pics\HarborIslands\images\1053TonyWithFresca_JPG.jpg Success
D:\Stripped\Jaysharp\pics\Berks\images\Mark_0409_jpg.jpg Success
D:\Stripped\Jaysharp\pics\Berks\images\Cow_0404_jpg.jpg Success
D:\Stripped\Jaysharp\pics\HarborIslands\images\1056DavidOnIsland2_JPG.jpg Success
D:\Stripped\Jaysharp\pics\HarborIslands\images\1055DavidOnIsland_JPG.jpg Success
D:\Stripped\Jaysharp\pics\HarborIslands\images\1058DavidInTurret_JPG.jpg Success
D:\Stripped\Jaysharp\pics\HarborIslands\images\1057TonyLookIntoMyEyes_JPG.jpg Success
D:\Stripped\Jaysharp\pics\HarborIslands\images\1059PaulInBlairWitchRoom_JPG.jpg Success
D:\Stripped\Jaysharp\pics\HarborIslands\images\1060JayMissle_JPG.jpg Success
D:\Stripped\Jaysharp\pics\HarborIslands\images\1061PaulDavidFort_JPG.jpg Success
D:\Stripped\Jaysharp\pics\HarborIslands\images\1062TonyPullTheLever_JPG.jpg Success
D:\Stripped\Jaysharp\pics\HarborIslands\images\1063FortCourt_JPG.jpg Success
D:\Stripped\Jaysharp\pics\HarborIslands\images\1064DavidLovesRedEye_JPG.jpg Success
D:\Stripped\Jaysharp\pics\HarborIslands\images\1065DangerTony_JPG.jpg Success
D:\Stripped\Jaysharp\pics\HarborIslands\images\1067InARow_JPG.jpg Success
D:\Stripped\Jaysharp\pics\HarborIslands\images\1068LookingBack_JPG.jpg Success
D:\Stripped\Jaysharp\pics\HarborIslands\images\1069PaulDavidClimbingRocks_JPG.jpg Success
D:\Stripped\Jaysharp\pics\HarborIslands\images\1066TotalDarkness_JPG.jpg Success
D:\Stripped\Jaysharp\pics\HarborIslands\images\1070RockDebris_JPG.jpg Success
D:\Stripped\Jaysharp\pics\LaborDay2002\images\IMG_1006_jpg.jpg Success
D:\Stripped\Jaysharp\pics\HarborIslands\images\1072OnTheRocks_JPG.jpg Success
D:\Stripped\Jaysharp\pics\HarborIslands\images\1071PaulSmile_JPG.jpg Success
D:\Stripped\Jaysharp\pics\HarborIslands\images\1074DavidFace_JPG.jpg Success
D:\Stripped\Jaysharp\pics\HarborIslands\images\1075DavidFace2_JPG.jpg Success
D:\Stripped\Jaysharp\pics\HarborIslands\images\1076DavidLaying_JPG.jpg Success
D:\Stripped\Jaysharp\pics\HarborIslands\images\1077TonyOnSlab_JPG.jpg Success
D:\Stripped\Jaysharp\pics\HarborIslands\images\1078PaulOnSlab_JPG.jpg Success
D:\Stripped\Jaysharp\pics\HarborIslands\images\1082BackHomeFarAway_JPG.jpg Success
D:\Stripped\Jaysharp\pics\HarborIslands\images\1079DavidOnSlab_JPG.jpg Success
D:\Stripped\Jaysharp\pics\HarborIslands\images\1080DavidOnSlab2_JPG.jpg Success
D:\Stripped\Jaysharp\pics\ChanukahDinner\images\IMG_1706_jpg.jpg Success
D:\Stripped\Jaysharp\pics\ChanukahDinner\pages\index.html Success
D:\Stripped\Jaysharp\pics\Berks\.999.html Success
D:\Stripped\Jaysharp\pics\Berks\.1000.html Success
D:\Stripped\Jaysharp\pics\Berks\.1001.html Success
D:\Stripped\Jaysharp\pics\Berks\.1002.html Success
D:\Stripped\Jaysharp\pics\index.html Success
D:\Stripped\Jaysharp\pics\Berks\images\index.html Success
D:\Stripped\Jaysharp\pics\Berks\thumbnails\index.html Success
D:\Stripped\Jaysharp\David\.1006.html Success
D:\Stripped\Jaysharp\David\.1007.html Success
D:\Stripped\Jaysharp\David\_notes\.1008.html Success
D:\Stripped\Jaysharp\David\_notes\.1009.html Success
D:\Stripped\Jaysharp\David\_notes\.1010.html Success
D:\Stripped\Jaysharp\David\_notes\.1011.html Success
D:\Stripped\Jaysharp\pics\ChanukahDinner\images\IMG_1707_jpg.jpg Success
D:\Stripped\Jaysharp\pics\ChanukahDinner\images\IMG_1709_jpg.jpg Success
D:\Stripped\Jaysharp\pics\ChanukahDinner\images\IMG_1712_jpg.jpg Success
D:\Stripped\Jaysharp\pics\ChanukahDinner\images\IMG_1710_jpg.jpg Success
D:\Stripped\Jaysharp\David\.1016.html Success
D:\Stripped\Jaysharp\pics\ChanukahDinner\images\IMG_1714_jpg.jpg Success
D:\Stripped\Jaysharp\pics\ChanukahDinner\images\IMG_1720_jpg.jpg Success
D:\Stripped\Jaysharp\pics\ChanukahDinner\images\IMG_1717_jpg.jpg Success
D:\Stripped\Jaysharp\pics\ChanukahDinner\images\IMG_1722_jpg.jpg Success
D:\Stripped\Jaysharp\pics\ChanukahDinner\images\IMG_1713_jpg.jpg Success
D:\Stripped\Jaysharp\pics\ChanukahDinner\images\IMG_1726_jpg.jpg Success
D:\Stripped\Jaysharp\pics\ChanukahDinner\images\IMG_1724_jpg.jpg Success
D:\Stripped\Jaysharp\pics\ChanukahDinner\images\IMG_1727_jpg.jpg Success
D:\Stripped\Jaysharp\pics\ChanukahDinner\images\IMG_1725_jpg.jpg Success
D:\Stripped\Jaysharp\pics\ChanukahDinner\images\IMG_1723_jpg.jpg Success
D:\Stripped\Jaysharp\pics\NYC\images\IMG_2077_JPG.jpg Success
D:\Stripped\Jaysharp\pics\NYC\pages\index.html Success
D:\Stripped\Jaysharp\pics\NYC\images\IMG_2085_JPG.jpg Success
D:\Stripped\Jaysharp\pics\NYC\images\IMG_2084_JPG.jpg Success
D:\Stripped\Jaysharp\pics\NYC\images\IMG_2086_JPG.jpg Success
D:\Stripped\Jaysharp\pics\HarborIslands\images\1073TonyWithDaddyGlasses_JPG.jpg Success
D:\Stripped\Jaysharp\pics\NYC\images\IMG_2095_JPG.jpg Success
D:\Stripped\Jaysharp\pics\NYC\images\IMG_2087_JPG.jpg Success
D:\Stripped\Jaysharp\pics\NYC\images\IMG_2093_JPG.jpg Success
D:\Stripped\Jaysharp\pics\NYC\images\IMG_2090_JPG.jpg Success
D:\Stripped\Jaysharp\pics\NYC\images\IMG_2096_JPG.jpg Success
D:\Stripped\Jaysharp\pics\NYC\images\IMG_2100_JPG.jpg Success
D:\Stripped\Jaysharp\pics\HarborIslands\images\1081BackHomeSoClose_JPG.jpg Success
D:\Stripped\Jaysharp\pics\NYC\images\IMG_2101_JPG.jpg Success
D:\Stripped\Jaysharp\pics\NYC\images\IMG_2103_JPG.jpg Success
D:\Stripped\Jaysharp\pics\NYC\images\IMG_2109_JPG.jpg Success
D:\Stripped\Jaysharp\pics\NYC\images\IMG_2107_JPG.jpg Success
D:\Stripped\Jaysharp\pics\NYC\images\IMG_2106_JPG.jpg Success
D:\Stripped\Jaysharp\pics\NYC\images\IMG_2110_JPG.jpg Success
D:\Stripped\Jaysharp\pics\NYC\images\IMG_2105_JPG.jpg Success
D:\Stripped\Jaysharp\David\.1047.html Success
D:\Stripped\Jaysharp\pics\NYC\images\IMG_2111_JPG.jpg Success
D:\Stripped\Jaysharp\pics\NYC\images\IMG_2112_JPG.jpg Success
D:\Stripped\Jaysharp\pics\NYC\images\IMG_2114_JPG.jpg Success
D:\Stripped\Jaysharp\pics\NYC\images\IMG_2116_JPG.jpg Success
D:\Stripped\Jaysharp\pics\NYC\images\IMG_2118_JPG.jpg Success
D:\Stripped\Jaysharp\pics\NYC\images\IMG_2117_JPG.jpg Success
D:\Stripped\Jaysharp\pics\NYC\images\IMG_2115_JPG.jpg Success
D:\Stripped\Jaysharp\pics\NYC\images\IMG_2123_JPG.jpg Success
D:\Stripped\Jaysharp\pics\ChanukahDinner\images\IMG_1708_jpg.jpg Success
D:\Stripped\Jaysharp\pics\JMS\pages\.1057.html Success
D:\Stripped\Jaysharp\pics\JMS\pages\.1058.html Success
D:\Stripped\Jaysharp\pics\JeremyWedding\pages\.1059.html Success
D:\Stripped\Jaysharp\pics\JeremyWedding\pages\.1060.html Success
D:\Stripped\Jaysharp\pics\JeremyWedding\pages\.1061.html Success
D:\Stripped\Jaysharp\pics\JeremyWedding\pages\.1062.html Success
D:\Stripped\Jaysharp\pics\JMS\pages\.1063.html Success
D:\Stripped\Jaysharp\pics\Pride2003\images\IMG_2232_jpg.jpg Success
D:\Stripped\Jaysharp\pics\Pride2003\pages\index.html Success
D:\Stripped\Jaysharp\pics\JMS\pages\_notes\.1066.html Success
D:\Stripped\Jaysharp\pics\JMS\pages\_notes\.1067.html Success
D:\Stripped\Jaysharp\pics\JMS\pages\_notes\.1068.html Success
D:\Stripped\Jaysharp\pics\JMS\pages\_notes\.1069.html Success
D:\Stripped\Jaysharp\pics\Pride2003\images\IMG_2227_jpg.jpg Success
D:\Stripped\Jaysharp\pics\Pride2003\images\IMG_2231_jpg.jpg Success
D:\Stripped\Jaysharp\pics\Pride2003\images\IMG_2224_jpg.jpg Success
D:\Stripped\Jaysharp\pics\Pride2003\images\IMG_2225_jpg.jpg Success
D:\Stripped\Jaysharp\pics\JMS\.1074.html Success
D:\Stripped\Jaysharp\pics\JMS\.1075.html Success
D:\Stripped\Jaysharp\pics\JMS\.1076.html Success
D:\Stripped\Jaysharp\pics\JMS\.1077.html Success
D:\Stripped\Jaysharp\pics\JMS\images\index.html Success
D:\Stripped\Jaysharp\pics\JMS\thumbnails\index.html Success
D:\Stripped\Jaysharp\pics\Pride2003\images\IMG_2229_jpg.jpg Success
D:\Stripped\Jaysharp\pics\Pride2003\images\IMG_2233_jpg.jpg Success
D:\Stripped\Jaysharp\pics\Pride2003\images\IMG_2235_jpg.jpg Success
D:\Stripped\Jaysharp\pics\JMS\pages\.1083.html Success
D:\Stripped\Jaysharp\pics\Pride2003\images\IMG_2237_jpg.jpg Success
D:\Stripped\Jaysharp\pics\Pride2003\images\IMG_2238_jpg.jpg Success
D:\Stripped\Jaysharp\pics\Pride2003\images\IMG_2234_jpg.jpg Success
D:\Stripped\Jaysharp\pics\Pride2003\images\IMG_2239_jpg.jpg Success
D:\Stripped\Jaysharp\pics\Pride2003\images\IMG_2241_jpg.jpg Success
D:\Stripped\Jaysharp\pics\Pride2003\images\IMG_2236_jpg.jpg Success
D:\Stripped\Jaysharp\pics\Pride2003\images\IMG_2243_jpg.jpg Success
D:\Stripped\Jaysharp\pics\Pride2003\images\IMG_2248_jpg.jpg Success
D:\Stripped\Jaysharp\pics\Pride2003\images\IMG_2251_jpg.jpg Success
D:\Stripped\Jaysharp\pics\Pride2003\images\IMG_2250_jpg.jpg Success
D:\Stripped\Jaysharp\pics\Pride2003\images\IMG_2252_jpg.jpg Success
D:\Stripped\Jaysharp\pics\Pride2003\images\IMG_2249_jpg.jpg Success
D:\Stripped\Jaysharp\pics\Pride2003\images\IMG_2245_jpg.jpg Success
D:\Stripped\Jaysharp\pics\Pride2003\images\IMG_2253_jpg.jpg Success
D:\Stripped\Jaysharp\pics\Pride2003\images\IMG_2244_jpg.jpg Success
D:\Stripped\Jaysharp\pics\Pride2003\images\IMG_2259_jpg.jpg Success
Not Success: http://www.jaysharp.com/pics/Pride2003/images/IMG_2254_jpg.jpg
D:\Stripped\Jaysharp\pics\Pride2003\images\IMG_2260_jpg.jpg Success
D:\Stripped\Jaysharp\pics\Pride2003\images\IMG_2262_jpg.jpg Success
D:\Stripped\Jaysharp\pics\Pride2003\images\IMG_2267_jpg.jpg Success
D:\Stripped\Jaysharp\pics\Pride2003\images\IMG_2261_jpg.jpg Success
D:\Stripped\Jaysharp\pics\Pride2003\images\IMG_2268_jpg.jpg Success
D:\Stripped\Jaysharp\pics\Pride2003\images\IMG_2263_jpg.jpg Success
D:\Stripped\Jaysharp\pics\Pride2003\images\IMG_2271_jpg.jpg Success
D:\Stripped\Jaysharp\pics\Pride2003\images\IMG_2273_jpg.jpg Success
D:\Stripped\Jaysharp\pics\Pride2003\images\IMG_2277_jpg.jpg Success
D:\Stripped\Jaysharp\pics\Pride2003\images\IMG_2270_jpg.jpg Success
D:\Stripped\Jaysharp\pics\Pride2003\images\IMG_2275_jpg.jpg Success
D:\Stripped\Jaysharp\pics\Pride2003\images\IMG_2276_jpg.jpg Success
D:\Stripped\Jaysharp\pics\Pride2003\images\IMG_2278_jpg.jpg Success
D:\Stripped\Jaysharp\pics\Pride2003\images\IMG_2279_jpg.jpg Success
D:\Stripped\Jaysharp\pics\Pride2003\images\IMG_2280_jpg.jpg Success
D:\Stripped\Jaysharp\pics\Pride2003\images\IMG_2282_jpg.jpg Success
D:\Stripped\Jaysharp\pics\Pride2003\images\IMG_2281_jpg.jpg Success
D:\Stripped\Jaysharp\pics\Pride2003\images\IMG_2283_jpg.jpg Success
D:\Stripped\Jaysharp\pics\Pride2003\images\IMG_2284_jpg.jpg Success
D:\Stripped\Jaysharp\pics\Pride2003\images\IMG_2285_jpg.jpg Success
D:\Stripped\Jaysharp\pics\Pride2003\images\IMG_2288_jpg.jpg Success
D:\Stripped\Jaysharp\pics\Pride2003\images\IMG_2290_jpg.jpg Success
D:\Stripped\Jaysharp\pics\Pride2003\images\IMG_2289_jpg.jpg Success
D:\Stripped\Jaysharp\pics\Pride2003\images\IMG_2287_jpg.jpg Success
D:\Stripped\Jaysharp\pics\Pride2003\images\IMG_2292_jpg.jpg Success
D:\Stripped\Jaysharp\pics\Pride2003\images\IMG_2291_jpg.jpg Success
D:\Stripped\Jaysharp\pics\Pride2003\images\IMG_2286_jpg.jpg Success
D:\Stripped\Jaysharp\pics\Australia\pages\.1128.html Success
D:\Stripped\Jaysharp\pics\Australia\pages\.1129.html Success
D:\Stripped\Jaysharp\pics\Australia\pages\.1130.html Success
D:\Stripped\Jaysharp\pics\Australia\pages\.1131.html Success
D:\Stripped\Jaysharp\pics\PTown\pages\.1132.html Success
D:\Stripped\Jaysharp\pics\PTown\pages\.1133.html Success
D:\Stripped\Jaysharp\pics\PTown\pages\.1134.html Success
D:\Stripped\Jaysharp\pics\PTown\pages\.1135.html Success
D:\Stripped\Jaysharp\pics\Asia\pages\.1136.html Success
D:\Stripped\Jaysharp\pics\Asia\pages\.1137.html Success
D:\Stripped\Jaysharp\pics\Asia\pages\.1138.html Success
D:\Stripped\Jaysharp\pics\Asia\pages\.1139.html Success
D:\Stripped\Jaysharp\pics\ADam\pages\.1140.html Success
D:\Stripped\Jaysharp\pics\ADam\pages\.1141.html Success
D:\Stripped\Jaysharp\pics\ADam\pages\.1142.html Success
D:\Stripped\Jaysharp\pics\ADam\pages\.1143.html Success
D:\Stripped\Jaysharp\pics\LaborDay2002\pages\.1144.html Success
D:\Stripped\Jaysharp\pics\LaborDay2002\pages\.1145.html Success
D:\Stripped\Jaysharp\pics\LaborDay2002\pages\.1146.html Success
D:\Stripped\Jaysharp\pics\LaborDay2002\pages\.1147.html Success
D:\Stripped\Jaysharp\pics\Berks\pages\.1148.html Success
D:\Stripped\Jaysharp\pics\Berks\pages\.1149.html Success
D:\Stripped\Jaysharp\pics\Berks\pages\.1150.html Success
D:\Stripped\Jaysharp\pics\Berks\pages\.1151.html Success
D:\Stripped\Jaysharp\pics\Pride2003\images\IMG_2265_jpg.jpg Success
D:\Stripped\Jaysharp\pics\Berks\.1153.html Success
D:\Stripped\Jaysharp\pics\Berks\.1154.html Success
D:\Stripped\Jaysharp\pics\HarborIslands\pages\.1155.html Success
D:\Stripped\Jaysharp\pics\HarborIslands\pages\.1156.html Success
D:\Stripped\Jaysharp\pics\HarborIslands\pages\.1157.html Success
D:\Stripped\Jaysharp\pics\HarborIslands\pages\.1158.html Success
D:\Stripped\Jaysharp\pics\Berks\.1159.html Success
D:\Stripped\Jaysharp\pics\Berks\.1160.html Success
D:\Stripped\Jaysharp\pics\Pride2003\images\IMG_2272_jpg.jpg Success
D:\Stripped\Jaysharp\pics\ChanukahDinner\pages\.1162.html Success
D:\Stripped\Jaysharp\pics\ChanukahDinner\pages\.1163.html Success
D:\Stripped\Jaysharp\pics\ChanukahDinner\pages\.1164.html Success
D:\Stripped\Jaysharp\pics\ChanukahDinner\pages\.1165.html Success
D:\Stripped\Jaysharp\pics\PickingApples\pages\.1166.html Success
D:\Stripped\Jaysharp\pics\PickingApples\pages\.1167.html Success
D:\Stripped\Jaysharp\pics\PickingApples\pages\.1168.html Success
D:\Stripped\Jaysharp\pics\PickingApples\pages\.1169.html Success
D:\Stripped\Jaysharp\pics\.1170.html Success
D:\Stripped\Jaysharp\pics\.1171.html Success
D:\Stripped\Jaysharp\pics\.1172.html Success
D:\Stripped\Jaysharp\pics\.1173.html Success
D:\Stripped\Jaysharp\pics\9Sept2001.PDF Success
D:\Stripped\Jaysharp\pics\9Ssept2001.jpg Success
D:\Stripped\Jaysharp\pics\Buttons\index.html Success
D:\Stripped\Jaysharp\pics\Montreal\index.html Success
D:\Stripped\Jaysharp\pics\_blnk.gif Success
D:\Stripped\Jaysharp\pics\Berks\images\.1179.html Success
D:\Stripped\Jaysharp\pics\Berks\images\.1180.html Success
D:\Stripped\Jaysharp\pics\Berks\images\.1181.html Success
D:\Stripped\Jaysharp\pics\Berks\images\.1182.html Success
D:\Stripped\Jaysharp\pics\Badlands\images\Badlands0582_img_jpg.jpg Success
D:\Stripped\Jaysharp\pics\Badlands\images\Badlands0581_img_jpg.jpg Success
D:\Stripped\Jaysharp\David\_notes\.1185.html Success
D:\Stripped\Jaysharp\David\_notes\.1186.html Success
D:\Stripped\Jaysharp\David\_notes\.1187.html Success
D:\Stripped\Jaysharp\David\_notes\.1188.html Success
D:\Stripped\Jaysharp\pics\Badlands\pages\.1189.html Success
D:\Stripped\Jaysharp\pics\Badlands\pages\.1190.html Success
D:\Stripped\Jaysharp\pics\Badlands\pages\.1191.html Success
D:\Stripped\Jaysharp\pics\Badlands\pages\.1192.html Success
D:\Stripped\Jaysharp\pics\Badlands\pages\_notes\index.html Success
D:\Stripped\Jaysharp\pics\JeremyWedding\pages\.1194.html Success
D:\Stripped\Jaysharp\pics\JeremyWedding\pages\.1195.html Success
D:\Stripped\Jaysharp\pics\NYC\pages\.1196.html Success
D:\Stripped\Jaysharp\pics\NYC\pages\.1197.html Success
D:\Stripped\Jaysharp\pics\NYC\pages\.1198.html Success
D:\Stripped\Jaysharp\pics\NYC\pages\.1199.html Success
D:\Stripped\Jaysharp\pics\JMS\pages\_notes\.1200.html Success
D:\Stripped\Jaysharp\pics\JMS\pages\_notes\.1201.html Success
D:\Stripped\Jaysharp\pics\JeremyWedding\pages\.1202.html Success
D:\Stripped\Jaysharp\pics\Pride2003\pages\.1203.html Success
D:\Stripped\Jaysharp\pics\Pride2003\pages\.1204.html Success
D:\Stripped\Jaysharp\pics\Pride2003\pages\.1205.html Success
D:\Stripped\Jaysharp\pics\Pride2003\pages\.1206.html Success
D:\Stripped\Jaysharp\pics\JeremyWedding\pages\.1207.html Success
D:\Stripped\Jaysharp\pics\JMS\pages\_notes\.1208.html Success
D:\Stripped\Jaysharp\pics\JMS\.1209.html Success
D:\Stripped\Jaysharp\pics\JMS\pages\_notes\.1210.html Success
D:\Stripped\Jaysharp\pics\Berks\thumbnails\.1211.html Success
D:\Stripped\Jaysharp\pics\Berks\thumbnails\.1212.html Success
D:\Stripped\Jaysharp\pics\Berks\thumbnails\.1213.html Success
D:\Stripped\Jaysharp\pics\Berks\thumbnails\.1214.html Success
D:\Stripped\Jaysharp\pics\JMS\.1215.html Success
D:\Stripped\Jaysharp\pics\JMS\.1216.html Success
D:\Stripped\Jaysharp\pics\JMS\images\.1217.html Success
D:\Stripped\Jaysharp\pics\JMS\images\.1218.html Success
D:\Stripped\Jaysharp\pics\JMS\images\.1219.html Success
D:\Stripped\Jaysharp\pics\JMS\images\.1220.html Success
D:\Stripped\Jaysharp\pics\JMS\thumbnails\.1221.html Success
D:\Stripped\Jaysharp\pics\JMS\thumbnails\.1222.html Success
D:\Stripped\Jaysharp\pics\JMS\thumbnails\.1223.html Success
D:\Stripped\Jaysharp\pics\JMS\thumbnails\.1224.html Success
D:\Stripped\Jaysharp\pics\Australia\pages\.1225.html Success
D:\Stripped\Jaysharp\pics\Australia\pages\.1226.html Success
D:\Stripped\Jaysharp\pics\PTown\pages\.1227.html Success
D:\Stripped\Jaysharp\pics\PTown\pages\.1228.html Success
D:\Stripped\Jaysharp\pics\Australia\pages\.1229.html Success
D:\Stripped\Jaysharp\pics\Australia\pages\.1230.html Success
D:\Stripped\Jaysharp\pics\JMS\.1231.html Success
D:\Stripped\Jaysharp\pics\Asia\pages\.1232.html Success
D:\Stripped\Jaysharp\pics\Asia\pages\.1233.html Success
D:\Stripped\Jaysharp\pics\Asia\pages\.1234.html Success
D:\Stripped\Jaysharp\pics\PTown\pages\.1235.html Success
D:\Stripped\Jaysharp\pics\Asia\pages\.1236.html Success
D:\Stripped\Jaysharp\pics\ADam\pages\.1237.html Success
D:\Stripped\Jaysharp\pics\LaborDay2002\pages\.1238.html Success
D:\Stripped\Jaysharp\pics\LaborDay2002\pages\.1239.html Success
D:\Stripped\Jaysharp\pics\ADam\pages\.1240.html Success
D:\Stripped\Jaysharp\pics\ADam\pages\.1241.html Success
D:\Stripped\Jaysharp\pics\ADam\pages\.1242.html Success
D:\Stripped\Jaysharp\pics\LaborDay2002\pages\.1243.html Success
D:\Stripped\Jaysharp\pics\LaborDay2002\pages\.1244.html Success
D:\Stripped\Jaysharp\pics\Berks\pages\.1245.html Success
D:\Stripped\Jaysharp\pics\Berks\pages\.1246.html Success
D:\Stripped\Jaysharp\pics\PTown\pages\.1247.html Success
D:\Stripped\Jaysharp\pics\HarborIslands\pages\.1248.html Success
D:\Stripped\Jaysharp\pics\HarborIslands\pages\.1249.html Success
D:\Stripped\Jaysharp\pics\HarborIslands\pages\.1250.html Success
D:\Stripped\Jaysharp\pics\Berks\pages\.1251.html Success
D:\Stripped\Jaysharp\pics\HarborIslands\pages\.1252.html Success
D:\Stripped\Jaysharp\pics\Berks\pages\.1253.html Success
D:\Stripped\Jaysharp\pics\ChanukahDinner\pages\.1254.html Success
D:\Stripped\Jaysharp\pics\ChanukahDinner\pages\.1255.html Success
D:\Stripped\Jaysharp\pics\PickingApples\pages\.1256.html Success
D:\Stripped\Jaysharp\pics\ChanukahDinner\pages\.1257.html Success
D:\Stripped\Jaysharp\pics\ChanukahDinner\pages\.1258.html Success
D:\Stripped\Jaysharp\pics\PickingApples\pages\.1259.html Success
D:\Stripped\Jaysharp\pics\.1260.html Success
D:\Stripped\Jaysharp\pics\.1261.html Success
D:\Stripped\Jaysharp\pics\.1262.html Success
D:\Stripped\Jaysharp\pics\.1263.html Success
D:\Stripped\Jaysharp\pics\Montreal\pages\IMG_0866_JPG.htm Success
D:\Stripped\Jaysharp\pics\Montreal\thumbnails\IMG_0866_JPG.jpg Success
D:\Stripped\Jaysharp\pics\Montreal\pages\IMG_0877_JPG.htm Success
D:\Stripped\Jaysharp\pics\Montreal\thumbnails\IMG_0877_JPG.jpg Success
D:\Stripped\Jaysharp\pics\Montreal\pages\IMG_0878_JPG.htm Success
D:\Stripped\Jaysharp\pics\Montreal\thumbnails\IMG_0878_JPG.jpg Success
D:\Stripped\Jaysharp\pics\Montreal\pages\IMG_0879_JPG.htm Success
D:\Stripped\Jaysharp\pics\Montreal\thumbnails\IMG_0879_JPG.jpg Success
D:\Stripped\Jaysharp\pics\Montreal\pages\IMG_0880_JPG.htm Success
D:\Stripped\Jaysharp\pics\Montreal\thumbnails\IMG_0880_JPG.jpg Success
D:\Stripped\Jaysharp\pics\Montreal\pages\IMG_0883_JPG.htm Success
D:\Stripped\Jaysharp\pics\Montreal\thumbnails\IMG_0883_JPG.jpg Success
D:\Stripped\Jaysharp\pics\Montreal\pages\IMG_0885_JPG.htm Success
D:\Stripped\Jaysharp\pics\Montreal\thumbnails\IMG_0885_JPG.jpg Success
D:\Stripped\Jaysharp\pics\Montreal\pages\IMG_0887_JPG.htm Success
D:\Stripped\Jaysharp\pics\Montreal\thumbnails\IMG_0887_JPG.jpg Success
D:\Stripped\Jaysharp\pics\Montreal\pages\IMG_0893_JPG.htm Success
D:\Stripped\Jaysharp\pics\Montreal\thumbnails\IMG_0893_JPG.jpg Success
D:\Stripped\Jaysharp\pics\Montreal\pages\IMG_0896_JPG.htm Success
D:\Stripped\Jaysharp\pics\Montreal\thumbnails\IMG_0896_JPG.jpg Success
D:\Stripped\Jaysharp\pics\Montreal\pages\IMG_0900_JPG.htm Success
D:\Stripped\Jaysharp\pics\Montreal\thumbnails\IMG_0900_JPG.jpg Success
D:\Stripped\Jaysharp\pics\Montreal\pages\IMG_0901_JPG.htm Success
D:\Stripped\Jaysharp\pics\Montreal\thumbnails\IMG_0901_JPG.jpg Success
D:\Stripped\Jaysharp\pics\Montreal\pages\IMG_0902_JPG.htm Success
D:\Stripped\Jaysharp\pics\Montreal\thumbnails\IMG_0902_JPG.jpg Success
D:\Stripped\Jaysharp\pics\Montreal\pages\IMG_0908_JPG.htm Success
D:\Stripped\Jaysharp\pics\Montreal\thumbnails\IMG_0908_JPG.jpg Success
D:\Stripped\Jaysharp\pics\Montreal\pages\IMG_0925_JPG.htm Success
D:\Stripped\Jaysharp\pics\Montreal\thumbnails\IMG_0925_JPG.jpg Success
D:\Stripped\Jaysharp\pics\Montreal\pages\IMG_0931_JPG.htm Success
D:\Stripped\Jaysharp\pics\Montreal\thumbnails\IMG_0931_JPG.jpg Success
D:\Stripped\Jaysharp\pics\Montreal\pages\IMG_0934_JPG.htm Success
D:\Stripped\Jaysharp\pics\Montreal\thumbnails\IMG_0934_JPG.jpg Success
D:\Stripped\Jaysharp\pics\Montreal\pages\IMG_0935_JPG.htm Success
D:\Stripped\Jaysharp\pics\Montreal\thumbnails\IMG_0935_JPG.jpg Success
D:\Stripped\Jaysharp\pics\Montreal\pages\IMG_0936_JPG.htm Success
D:\Stripped\Jaysharp\pics\Montreal\thumbnails\IMG_0936_JPG.jpg Success
D:\Stripped\Jaysharp\pics\Montreal\pages\IMG_0937_JPG.htm Success
D:\Stripped\Jaysharp\pics\Montreal\thumbnails\IMG_0937_JPG.jpg Success
D:\Stripped\Jaysharp\pics\Montreal\pages\IMG_0938_JPG.htm Success
D:\Stripped\Jaysharp\pics\Montreal\thumbnails\IMG_0938_JPG.jpg Success
D:\Stripped\Jaysharp\pics\Montreal\pages\IMG_0939_JPG.htm Success
D:\Stripped\Jaysharp\pics\Montreal\thumbnails\IMG_0939_JPG.jpg Success
D:\Stripped\Jaysharp\pics\Montreal\pages\IMG_0940_JPG.htm Success
D:\Stripped\Jaysharp\pics\Montreal\thumbnails\IMG_0940_JPG.jpg Success
D:\Stripped\Jaysharp\pics\Montreal\pages\IMG_0941_JPG.htm Success
D:\Stripped\Jaysharp\pics\Montreal\thumbnails\IMG_0941_JPG.jpg Success
D:\Stripped\Jaysharp\pics\Montreal\pages\IMG_0942_JPG.htm Success
D:\Stripped\Jaysharp\pics\Montreal\thumbnails\IMG_0942_JPG.jpg Success
D:\Stripped\Jaysharp\pics\Montreal\pages\IMG_0943_JPG.htm Success
D:\Stripped\Jaysharp\pics\Montreal\thumbnails\IMG_0943_JPG.jpg Success
D:\Stripped\Jaysharp\pics\Montreal\pages\IMG_0945_JPG.htm Success
D:\Stripped\Jaysharp\pics\Montreal\thumbnails\IMG_0945_JPG.jpg Success
D:\Stripped\Jaysharp\pics\Montreal\pages\IMG_0946_JPG.htm Success
D:\Stripped\Jaysharp\pics\Montreal\thumbnails\IMG_0946_JPG.jpg Success
D:\Stripped\Jaysharp\pics\Montreal\pages\IMG_0947_JPG.htm Success
D:\Stripped\Jaysharp\pics\Montreal\thumbnails\IMG_0947_JPG.jpg Success
D:\Stripped\Jaysharp\pics\Montreal\pages\IMG_0948_JPG.htm Success
D:\Stripped\Jaysharp\pics\Montreal\thumbnails\IMG_0948_JPG.jpg Success
D:\Stripped\Jaysharp\pics\Montreal\pages\IMG_0952_JPG.htm Success
D:\Stripped\Jaysharp\pics\Montreal\thumbnails\IMG_0952_JPG.jpg Success
D:\Stripped\Jaysharp\pics\Montreal\pages\IMG_0953_JPG.htm Success
D:\Stripped\Jaysharp\pics\Montreal\thumbnails\IMG_0953_JPG.jpg Success
D:\Stripped\Jaysharp\pics\Montreal\pages\IMG_0954_JPG.htm Success
D:\Stripped\Jaysharp\pics\Montreal\thumbnails\IMG_0954_JPG.jpg Success
D:\Stripped\Jaysharp\pics\Montreal\pages\IMG_0958_JPG.htm Success
D:\Stripped\Jaysharp\pics\Montreal\thumbnails\IMG_0958_JPG.jpg Success
D:\Stripped\Jaysharp\pics\Montreal\pages\IMG_0959_JPG.htm Success
D:\Stripped\Jaysharp\pics\Montreal\thumbnails\IMG_0959_JPG.jpg Success
D:\Stripped\Jaysharp\pics\Montreal\pages\IMG_0960_JPG.htm Success
D:\Stripped\Jaysharp\pics\Montreal\thumbnails\IMG_0960_JPG.jpg Success
D:\Stripped\Jaysharp\pics\Buttons\.1336.html Success
D:\Stripped\Jaysharp\pics\Buttons\.1337.html Success
D:\Stripped\Jaysharp\pics\Buttons\.1338.html Success
D:\Stripped\Jaysharp\pics\Buttons\.1339.html Success
D:\Stripped\Jaysharp\pics\Buttons\_notes\index.html Success
D:\Stripped\Jaysharp\pics\PickingApples\pages\.1341.html Success
D:\Stripped\Jaysharp\pics\PickingApples\pages\.1342.html Success
D:\Stripped\Jaysharp\pics\Badlands\pages\.1343.html Success
D:\Stripped\Jaysharp\pics\Berks\images\.1344.html Success
D:\Stripped\Jaysharp\pics\Berks\images\.1345.html Success
D:\Stripped\Jaysharp\pics\Berks\images\.1346.html Success
D:\Stripped\Jaysharp\pics\Badlands\pages\.1347.html Success
D:\Stripped\Jaysharp\pics\Badlands\pages\.1348.html Success
D:\Stripped\Jaysharp\pics\Berks\images\.1349.html Success
D:\Stripped\Jaysharp\pics\Badlands\pages\_notes\.1350.html Success
D:\Stripped\Jaysharp\pics\Badlands\pages\_notes\.1351.html Success
D:\Stripped\Jaysharp\pics\Badlands\pages\_notes\.1352.html Success
D:\Stripped\Jaysharp\pics\Badlands\pages\_notes\.1353.html Success
D:\Stripped\Jaysharp\pics\Badlands\pages\.1354.html Success
D:\Stripped\Jaysharp\pics\NYC\pages\.1355.html Success
D:\Stripped\Jaysharp\pics\NYC\pages\.1356.html Success
D:\Stripped\Jaysharp\pics\NYC\pages\.1357.html Success
D:\Stripped\Jaysharp\pics\NYC\pages\.1358.html Success
D:\Stripped\Jaysharp\pics\Pride2003\pages\.1359.html Success
D:\Stripped\Jaysharp\pics\Pride2003\pages\.1360.html Success
D:\Stripped\Jaysharp\pics\Pride2003\pages\.1361.html Success
D:\Stripped\Jaysharp\pics\Pride2003\pages\.1362.html Success
D:\Stripped\Jaysharp\pics\JMS\images\.1363.html Success
D:\Stripped\Jaysharp\pics\JMS\images\.1364.html Success
D:\Stripped\Jaysharp\pics\Berks\thumbnails\.1365.html Success
D:\Stripped\Jaysharp\pics\Berks\thumbnails\.1366.html Success
D:\Stripped\Jaysharp\pics\Berks\thumbnails\.1367.html Success
D:\Stripped\Jaysharp\pics\JMS\images\.1368.html Success
D:\Stripped\Jaysharp\pics\JMS\thumbnails\.1369.html Success
D:\Stripped\Jaysharp\pics\JMS\thumbnails\.1370.html Success
D:\Stripped\Jaysharp\pics\JMS\thumbnails\.1371.html Success
D:\Stripped\Jaysharp\pics\JMS\images\.1372.html Success
D:\Stripped\Jaysharp\pics\JMS\thumbnails\.1373.html Success
D:\Stripped\Jaysharp\pics\Berks\thumbnails\.1374.html Success
D:\Stripped\Jaysharp\pics\Montreal\index.htm Success
D:\Stripped\Jaysharp\pics\Montreal\images\IMG_0880_JPG.jpg Success
D:\Stripped\Jaysharp\pics\Montreal\pages\index.html Success
D:\Stripped\Jaysharp\pics\Montreal\images\IMG_0887_JPG.jpg Success
D:\Stripped\Jaysharp\pics\Montreal\images\IMG_0877_JPG.jpg Success
D:\Stripped\Jaysharp\pics\Montreal\images\IMG_0883_JPG.jpg Success
D:\Stripped\Jaysharp\pics\Montreal\images\IMG_0878_JPG.jpg Success
D:\Stripped\Jaysharp\pics\Montreal\images\IMG_0879_JPG.jpg Success
D:\Stripped\Jaysharp\pics\Montreal\images\IMG_0866_JPG.jpg Success
D:\Stripped\Jaysharp\pics\Montreal\images\IMG_0885_JPG.jpg Success
D:\Stripped\Jaysharp\pics\Montreal\images\IMG_0893_JPG.jpg Success
D:\Stripped\Jaysharp\pics\Montreal\images\IMG_0896_JPG.jpg Success
D:\Stripped\Jaysharp\pics\Montreal\images\IMG_0931_JPG.jpg Success
D:\Stripped\Jaysharp\pics\Montreal\images\IMG_0902_JPG.jpg Success
D:\Stripped\Jaysharp\pics\Montreal\images\IMG_0901_JPG.jpg Success
D:\Stripped\Jaysharp\pics\Montreal\images\IMG_0908_JPG.jpg Success
D:\Stripped\Jaysharp\pics\Montreal\images\IMG_0925_JPG.jpg Success
D:\Stripped\Jaysharp\pics\Montreal\images\IMG_0900_JPG.jpg Success
D:\Stripped\Jaysharp\pics\Montreal\images\IMG_0935_JPG.jpg Success
D:\Stripped\Jaysharp\pics\Montreal\images\IMG_0937_JPG.jpg Success
D:\Stripped\Jaysharp\pics\Montreal\images\IMG_0936_JPG.jpg Success
D:\Stripped\Jaysharp\pics\Montreal\images\IMG_0940_JPG.jpg Success
D:\Stripped\Jaysharp\pics\Montreal\images\IMG_0939_JPG.jpg Success
D:\Stripped\Jaysharp\pics\Montreal\images\IMG_0934_JPG.jpg Success
D:\Stripped\Jaysharp\pics\Montreal\images\IMG_0938_JPG.jpg Success
D:\Stripped\Jaysharp\pics\Montreal\images\IMG_0942_JPG.jpg Success
D:\Stripped\Jaysharp\pics\Montreal\images\IMG_0941_JPG.jpg Success
D:\Stripped\Jaysharp\pics\Montreal\images\IMG_0948_JPG.jpg Success
D:\Stripped\Jaysharp\pics\Montreal\images\IMG_0945_JPG.jpg Success
D:\Stripped\Jaysharp\pics\Montreal\images\IMG_0958_JPG.jpg Success
D:\Stripped\Jaysharp\pics\Montreal\images\IMG_0952_JPG.jpg Success
D:\Stripped\Jaysharp\pics\Montreal\images\IMG_0943_JPG.jpg Success
D:\Stripped\Jaysharp\pics\Montreal\images\IMG_0954_JPG.jpg Success
D:\Stripped\Jaysharp\pics\Montreal\images\IMG_0947_JPG.jpg Success
D:\Stripped\Jaysharp\pics\Montreal\images\IMG_0953_JPG.jpg Success
D:\Stripped\Jaysharp\pics\Montreal\images\IMG_0946_JPG.jpg Success
D:\Stripped\Jaysharp\pics\Montreal\images\IMG_0959_JPG.jpg Success
D:\Stripped\Jaysharp\pics\Montreal\images\IMG_0960_JPG.jpg Success
D:\Stripped\Jaysharp\pics\Buttons\.1413.html Success
D:\Stripped\Jaysharp\pics\Buttons\.1414.html Success
D:\Stripped\Jaysharp\pics\Buttons\_notes\.1415.html Success
D:\Stripped\Jaysharp\pics\Buttons\_notes\.1416.html Success
D:\Stripped\Jaysharp\pics\Buttons\_notes\.1417.html Success
D:\Stripped\Jaysharp\pics\Buttons\_notes\.1418.html Success
D:\Stripped\Jaysharp\pics\Buttons\_notes\HomeButton.gif.mno Success
D:\Stripped\Jaysharp\pics\Buttons\.1420.html Success
D:\Stripped\Jaysharp\pics\Badlands\pages\_notes\.1421.html Success
D:\Stripped\Jaysharp\pics\Badlands\pages\_notes\.1422.html Success
D:\Stripped\Jaysharp\pics\Badlands\pages\_notes\.1423.html Success
D:\Stripped\Jaysharp\pics\Badlands\pages\_notes\.1424.html Success
D:\Stripped\Jaysharp\pics\Buttons\.1425.html Success
D:\Stripped\Jaysharp\pics\Montreal\pages\.1426.html Success
D:\Stripped\Jaysharp\pics\Montreal\pages\.1427.html Success
D:\Stripped\Jaysharp\pics\Montreal\pages\.1428.html Success
D:\Stripped\Jaysharp\pics\Montreal\pages\.1429.html Success
D:\Stripped\Jaysharp\pics\Buttons\_notes\.1430.html Success
D:\Stripped\Jaysharp\pics\Buttons\_notes\.1431.html Success
D:\Stripped\Jaysharp\pics\Buttons\_notes\.1432.html Success
D:\Stripped\Jaysharp\pics\Buttons\_notes\.1433.html Success
D:\Stripped\Jaysharp\pics\Montreal\pages\.1434.html Success
D:\Stripped\Jaysharp\pics\Montreal\pages\.1435.html Success
D:\Stripped\Jaysharp\pics\Montreal\pages\.1436.html Success
D:\Stripped\Jaysharp\pics\Montreal\pages\.1437.html Success
08/22/2003 10:25:32 AM Parsing complete
